Using pre-set license
Built from '2022.3/staging' branch; Version is '2022.3.7f1 (b16b3b16c7a0) revision 11627323'; Using compiler version '192829333'; Build Type 'Release'
OS: 'Windows 11  (10.0.22631) 64bit Professional' Language: 'it' Physical Memory: 32700 MB
BatchMode: 1, IsHumanControllingUs: 0, StartBugReporterOnCrash: 0, Is64bit: 1, IsPro: 1

COMMAND LINE ARGUMENTS:
G:\UNITY\2022.3.7f1\Editor\Unity.exe
-adb2
-batchMode
-noUpm
-name
AssetImportWorker0
-projectPath
G:/UNITY/Ptumerian_Calice
-logFile
Logs/AssetImportWorker0.log
-srvPort
53480
Successfully changed project path to: G:/UNITY/Ptumerian_Calice
G:/UNITY/Ptumerian_Calice
[UnityMemory] Configuration Parameters - Can be set up in boot.config
    "memorysetup-bucket-allocator-granularity=16"
    "memorysetup-bucket-allocator-bucket-count=8"
    "memorysetup-bucket-allocator-block-size=33554432"
    "memorysetup-bucket-allocator-block-count=8"
    "memorysetup-main-allocator-block-size=16777216"
    "memorysetup-thread-allocator-block-size=16777216"
    "memorysetup-gfx-main-allocator-block-size=16777216"
    "memorysetup-gfx-thread-allocator-block-size=16777216"
    "memorysetup-cache-allocator-block-size=4194304"
    "memorysetup-typetree-allocator-block-size=2097152"
    "memorysetup-profiler-bucket-allocator-granularity=16"
    "memorysetup-profiler-bucket-allocator-bucket-count=8"
    "memorysetup-profiler-bucket-allocator-block-size=33554432"
    "memorysetup-profiler-bucket-allocator-block-count=8"
    "memorysetup-profiler-allocator-block-size=16777216"
    "memorysetup-profiler-editor-allocator-block-size=1048576"
    "memorysetup-temp-allocator-size-main=16777216"
    "memorysetup-job-temp-allocator-block-size=2097152"
    "memorysetup-job-temp-allocator-block-size-background=1048576"
    "memorysetup-job-temp-allocator-reduction-small-platforms=262144"
    "memorysetup-allocator-temp-initial-block-size-main=262144"
    "memorysetup-allocator-temp-initial-block-size-worker=262144"
    "memorysetup-temp-allocator-size-background-worker=32768"
    "memorysetup-temp-allocator-size-job-worker=262144"
    "memorysetup-temp-allocator-size-preload-manager=33554432"
    "memorysetup-temp-allocator-size-nav-mesh-worker=65536"
    "memorysetup-temp-allocator-size-audio-worker=65536"
    "memorysetup-temp-allocator-size-cloud-worker=32768"
    "memorysetup-temp-allocator-size-gi-baking-worker=262144"
    "memorysetup-temp-allocator-size-gfx=262144"
Player connection [18612] Host "[IP] 192.168.1.50 [Port] 0 [Flags] 2 [Guid] 1675038735 [EditorId] 1675038735 [Version] 1048832 [Id] WindowsEditor(7,DESKTOP-UCPSNQ9) [Debug] 1 [PackageName] WindowsEditor [ProjectName] Editor" joined multi-casting on [225.0.0.222:54997]...

Player connection [18612] Host "[IP] 192.168.1.50 [Port] 0 [Flags] 2 [Guid] 1675038735 [EditorId] 1675038735 [Version] 1048832 [Id] WindowsEditor(7,DESKTOP-UCPSNQ9) [Debug] 1 [PackageName] WindowsEditor [ProjectName] Editor" joined alternative multi-casting on [225.0.0.222:34997]...

Refreshing native plugins compatible for Editor in 9.86 ms, found 3 plugins.
Preloading 0 native plugins for Editor in 0.00 ms.
Initialize engine version: 2022.3.7f1 (b16b3b16c7a0)
[Subsystems] Discovering subsystems at path G:/UNITY/2022.3.7f1/Editor/Data/Resources/UnitySubsystems
[Subsystems] Discovering subsystems at path G:/UNITY/Ptumerian_Calice/Assets
GfxDevice: creating device client; threaded=0; jobified=0
Direct3D:
    Version:  Direct3D 11.0 [level 11.1]
    Renderer: NVIDIA GeForce RTX 4080 SUPER (ID=0x2702)
    Vendor:   NVIDIA
    VRAM:     16047 MB
    Driver:   32.0.15.6081
Initialize mono
Mono path[0] = 'G:/UNITY/2022.3.7f1/Editor/Data/Managed'
Mono path[1] = 'G:/UNITY/2022.3.7f1/Editor/Data/MonoBleedingEdge/lib/mono/unityjit-win32'
Mono config path = 'G:/UNITY/2022.3.7f1/Editor/Data/MonoBleedingEdge/etc'
Using monoOptions --debugger-agent=transport=dt_socket,embedding=1,server=y,suspend=n,address=127.0.0.1:56564
Begin MonoManager ReloadAssembly
Registering precompiled unity dll's ...
Register platform support module: G:/UNITY/2022.3.7f1/Editor/Data/PlaybackEngines/AndroidPlayer/UnityEditor.Android.Extensions.dll
Register platform support module: G:/UNITY/2022.3.7f1/Editor/Data/PlaybackEngines/WindowsStandaloneSupport/UnityEditor.WindowsStandalone.Extensions.dll
Registered in 0.003566 seconds.
- Loaded All Assemblies, in  0.388 seconds
Native extension for WindowsStandalone target not found
Native extension for Android target not found
Android Extension - Scanning For ADB Devices 190 ms
Mono: successfully reloaded assembly
- Finished resetting the current domain, in  0.584 seconds
Domain Reload Profiling: 972ms
	BeginReloadAssembly (133ms)
		ExecutionOrderSort (0ms)
		DisableScriptedObjects (0ms)
		BackupInstance (0ms)
		ReleaseScriptingObjects (0ms)
		CreateAndSetChildDomain (1ms)
	RebuildCommonClasses (37ms)
	RebuildNativeTypeToScriptingClass (11ms)
	initialDomainReloadingComplete (48ms)
	LoadAllAssembliesAndSetupDomain (160ms)
		LoadAssemblies (133ms)
		RebuildTransferFunctionScriptingTraits (0ms)
		AnalyzeDomain (157ms)
			TypeCache.Refresh (156ms)
				TypeCache.ScanAssembly (140ms)
			ScanForSourceGeneratedMonoScriptInfo (1ms)
			ResolveRequiredComponents (0ms)
	FinalizeReload (584ms)
		ReleaseScriptCaches (0ms)
		RebuildScriptCaches (0ms)
		SetupLoadedEditorAssemblies (529ms)
			LogAssemblyErrors (0ms)
			InitializePlatformSupportModulesInManaged (301ms)
			SetLoadedEditorAssemblies (3ms)
			RefreshPlugins (0ms)
			BeforeProcessingInitializeOnLoad (2ms)
			ProcessInitializeOnLoadAttributes (165ms)
			ProcessInitializeOnLoadMethodAttributes (58ms)
			AfterProcessingInitializeOnLoad (0ms)
			EditorAssembliesLoaded (0ms)
		ExecutionOrderSort2 (0ms)
		AwakeInstancesAfterBackupRestoration (0ms)
========================================================================
Worker process is ready to serve import requests
Begin MonoManager ReloadAssembly
Symbol file LoadedFromMemory doesn't match image G:\UNITY\Ptumerian_Calice\Library\PackageCache\com.unity.visualscripting@1.8.0\Editor\VisualScripting.Core\Dependencies\YamlDotNet\Unity.VisualScripting.YamlDotNet.dll
Symbol file LoadedFromMemory doesn't match image G:\UNITY\Ptumerian_Calice\Library\PackageCache\com.unity.visualscripting@1.8.0\Editor\VisualScripting.Core\Dependencies\DotNetZip\Unity.VisualScripting.IonicZip.dll
- Loaded All Assemblies, in  0.845 seconds
Refreshing native plugins compatible for Editor in 4.23 ms, found 3 plugins.
Native extension for WindowsStandalone target not found
Native extension for Android target not found
Package Manager log level set to [2]
[Package Manager] Server::EnsureServerProcessIsRunning -- launch failed, reason: Unity was launched with the -noUpm command-line argument
[Package Manager] UpmClient::Send -- Unable to send message (not connected to UPM process).
[Package Manager] Cannot connect to Unity Package Manager local server
Mono: successfully reloaded assembly
- Finished resetting the current domain, in  1.026 seconds
Domain Reload Profiling: 1871ms
	BeginReloadAssembly (161ms)
		ExecutionOrderSort (0ms)
		DisableScriptedObjects (5ms)
		BackupInstance (0ms)
		ReleaseScriptingObjects (0ms)
		CreateAndSetChildDomain (23ms)
	RebuildCommonClasses (35ms)
	RebuildNativeTypeToScriptingClass (10ms)
	initialDomainReloadingComplete (36ms)
	LoadAllAssembliesAndSetupDomain (601ms)
		LoadAssemblies (370ms)
		RebuildTransferFunctionScriptingTraits (0ms)
		AnalyzeDomain (330ms)
			TypeCache.Refresh (287ms)
				TypeCache.ScanAssembly (264ms)
			ScanForSourceGeneratedMonoScriptInfo (30ms)
			ResolveRequiredComponents (11ms)
	FinalizeReload (1026ms)
		ReleaseScriptCaches (0ms)
		RebuildScriptCaches (0ms)
		SetupLoadedEditorAssemblies (806ms)
			LogAssemblyErrors (0ms)
			InitializePlatformSupportModulesInManaged (19ms)
			SetLoadedEditorAssemblies (3ms)
			RefreshPlugins (0ms)
			BeforeProcessingInitializeOnLoad (69ms)
			ProcessInitializeOnLoadAttributes (506ms)
			ProcessInitializeOnLoadMethodAttributes (208ms)
			AfterProcessingInitializeOnLoad (2ms)
			EditorAssembliesLoaded (0ms)
		ExecutionOrderSort2 (0ms)
		AwakeInstancesAfterBackupRestoration (6ms)
Launched and connected shader compiler UnityShaderCompiler.exe after 0.03 seconds
Refreshing native plugins compatible for Editor in 3.72 ms, found 3 plugins.
Preloading 0 native plugins for Editor in 0.00 ms.
Unloading 7297 Unused Serialized files (Serialized files now loaded: 0)
Unloading 144 unused Assets / (6.1 MB). Loaded Objects now: 7770.
Memory consumption went from 495.7 MB to 489.6 MB.
Total: 6.245800 ms (FindLiveObjects: 0.711700 ms CreateObjectMapping: 0.741900 ms MarkObjects: 3.153800 ms  DeleteObjects: 1.636700 ms)

AssetImportParameters requested are different than current active one (requested -> active):
  custom:container-demuxer-ogg: 62fdf1f143b41e24485cea50d1cbac27 -> 
  custom:framework-win-MediaFoundation: 216162199b28c13a410421893ffa2e32 -> 
  custom:container-muxer-webm: aa71ff27fc2769a1b78a27578f13a17b -> 
  custom:video-decoder-webm-vp8: 9c59270c3fd7afecdb556c50c9e8de78 -> 
  custom:SearchIndexIgnoredProperties: e643bd26f0fe6173181afceb89e7c659 -> 
  custom:AudioImporter_EditorPlatform: d09bf68614088b80899f8185d706f6e7 -> 
  custom:audio-decoder-ogg-vorbis: bf7c407c2cedff20999df2af8eb42d56 -> 
  custom:audio-encoder-webm-vorbis: bf7c407c2cedff20999df2af8eb42d56 -> 
  custom:video-codec-MediaFoundation-h265: 746d11721c4dcdbdad8f713fa42b33f4 -> 
  custom:video-decoder-ogg-theora: a1e56fd34408186e4bbccfd4996cb3dc -> 
  custom:CustomObjectIndexerAttribute: a3ef5dd2817f97addfee359851a9dba5 -> 
  custom:container-demuxer-webm: 4f35f7cbe854078d1ac9338744f61a02 -> 
  custom:video-encoder-webm-vp8: eb34c28f22e8b96e1ab97ce403110664 -> 
========================================================================
Received Import Request.
  Time since last request: 582957.292770 seconds.
  path: Assets/Caves_Temple/Sky and Fog Settings.asset
  artifactKey: Guid(e96b526a044214c47842a56941589abe) Importer(815301076,1909f56bfc062723c751e8b465ee728b)
Start importing Assets/Caves_Temple/Sky and Fog Settings.asset using Guid(e96b526a044214c47842a56941589abe) Importer(815301076,1909f56bfc062723c751e8b465ee728b)  -> (artifact id: 'd5af55de3fd559f9fba1e57276b67855') in 0.022821 seconds
Number of updated asset objects reloaded before import = 0
Number of asset objects unloaded after import = 10
========================================================================
Received Import Request.
  Time since last request: 27.206436 seconds.
  path: Assets/LeartesStudios/DarkMedieval
  artifactKey: Guid(ec1cc1bc9f5665147ba71c6e498871e4) Importer(815301076,1909f56bfc062723c751e8b465ee728b)
Start importing Assets/LeartesStudios/DarkMedieval using Guid(ec1cc1bc9f5665147ba71c6e498871e4) Importer(815301076,1909f56bfc062723c751e8b465ee728b)  -> (artifact id: 'ddbf397348eaec0157ec99c4fc84af12') in 0.000458 seconds
Number of updated asset objects reloaded before import = 0
Number of asset objects unloaded after import = 0
========================================================================
Received Import Request.
  Time since last request: 0.854340 seconds.
  path: Assets/LeartesStudios/DarkMedieval/HDRP
  artifactKey: Guid(7b74eafdf848d0f45b6707646d929a1f) Importer(815301076,1909f56bfc062723c751e8b465ee728b)
Start importing Assets/LeartesStudios/DarkMedieval/HDRP using Guid(7b74eafdf848d0f45b6707646d929a1f) Importer(815301076,1909f56bfc062723c751e8b465ee728b)  -> (artifact id: '7c990be06c290e159c0826738d5a1f2c') in 0.000366 seconds
Number of updated asset objects reloaded before import = 0
Number of asset objects unloaded after import = 0
========================================================================
Received Import Request.
  Time since last request: 2.265963 seconds.
  path: Assets/LeartesStudios/DarkMedieval/HDRP/Art
  artifactKey: Guid(952f925c67c37c148a8f2531bf5c846a) Importer(815301076,1909f56bfc062723c751e8b465ee728b)
Start importing Assets/LeartesStudios/DarkMedieval/HDRP/Art using Guid(952f925c67c37c148a8f2531bf5c846a) Importer(815301076,1909f56bfc062723c751e8b465ee728b)  -> (artifact id: '8cdb34199e9d8ffc1256f1b9fbca406c') in 0.000436 seconds
Number of updated asset objects reloaded before import = 0
Number of asset objects unloaded after import = 0
========================================================================
Received Import Request.
  Time since last request: 2.798109 seconds.
  path: Assets/LeartesStudios/DarkMedieval/HDRP/Art/Meshes
  artifactKey: Guid(d64789b3e06f34643936d5f14b4ac460) Importer(815301076,1909f56bfc062723c751e8b465ee728b)
Start importing Assets/LeartesStudios/DarkMedieval/HDRP/Art/Meshes using Guid(d64789b3e06f34643936d5f14b4ac460) Importer(815301076,1909f56bfc062723c751e8b465ee728b)  -> (artifact id: '7c65a9880dcaed0f8b2b5a565f790acc') in 0.000399 seconds
Number of updated asset objects reloaded before import = 0
Number of asset objects unloaded after import = 0
========================================================================
Received Import Request.
  Time since last request: 0.165952 seconds.
  path: Assets/LeartesStudios/DarkMedieval/HDRP/Art/Meshes/SK_DoctorV01_Posed01_Anim.FBX
  artifactKey: Guid(a42b625f00a845f43868712eb3ca71cf) Importer(815301076,1909f56bfc062723c751e8b465ee728b)
Start importing Assets/LeartesStudios/DarkMedieval/HDRP/Art/Meshes/SK_DoctorV01_Posed01_Anim.FBX using Guid(a42b625f00a845f43868712eb3ca71cf) Importer(815301076,1909f56bfc062723c751e8b465ee728b)  -> (artifact id: '53c60ef0841608546299fca1e5df05ab') in 0.008240 seconds
Number of updated asset objects reloaded before import = 0
Number of asset objects unloaded after import = 156
========================================================================
Received Import Request.
  Time since last request: 0.000011 seconds.
  path: Assets/LeartesStudios/DarkMedieval/HDRP/Art/Meshes/SK_DoctorV02_withoutmask_Posed03_Anim.FBX
  artifactKey: Guid(f61625a4bb9778b47809acb27d184d1d) Importer(815301076,1909f56bfc062723c751e8b465ee728b)
Start importing Assets/LeartesStudios/DarkMedieval/HDRP/Art/Meshes/SK_DoctorV02_withoutmask_Posed03_Anim.FBX using Guid(f61625a4bb9778b47809acb27d184d1d) Importer(815301076,1909f56bfc062723c751e8b465ee728b)  -> (artifact id: '70981d132f01d7c2cec2c9a42097aecc') in 0.005848 seconds
Number of updated asset objects reloaded before import = 0
Number of asset objects unloaded after import = 188
========================================================================
Received Import Request.
  Time since last request: 0.000012 seconds.
  path: Assets/LeartesStudios/DarkMedieval/HDRP/Art/Meshes/SK_Pig_Anim - Copy.FBX
  artifactKey: Guid(d77d5958b2227d344b58ed75d98c1559) Importer(815301076,1909f56bfc062723c751e8b465ee728b)
Start importing Assets/LeartesStudios/DarkMedieval/HDRP/Art/Meshes/SK_Pig_Anim - Copy.FBX using Guid(d77d5958b2227d344b58ed75d98c1559) Importer(815301076,1909f56bfc062723c751e8b465ee728b)  -> (artifact id: '61f88ba5fbceb2bbea58f85988180502') in 0.002668 seconds
Number of updated asset objects reloaded before import = 0
Number of asset objects unloaded after import = 31
========================================================================
Received Import Request.
  Time since last request: 0.000016 seconds.
  path: Assets/LeartesStudios/DarkMedieval/HDRP/Art/Meshes/SK_DoctorV02_withoutmask_Posed01_Anim.FBX
  artifactKey: Guid(6f26feec26f33cb4c83734130b8782ff) Importer(815301076,1909f56bfc062723c751e8b465ee728b)
Start importing Assets/LeartesStudios/DarkMedieval/HDRP/Art/Meshes/SK_DoctorV02_withoutmask_Posed01_Anim.FBX using Guid(6f26feec26f33cb4c83734130b8782ff) Importer(815301076,1909f56bfc062723c751e8b465ee728b)  -> (artifact id: '485654a07a7544351aea5d340fedbc47') in 0.005217 seconds
Number of updated asset objects reloaded before import = 0
Number of asset objects unloaded after import = 188
========================================================================
Received Import Request.
  Time since last request: 0.000011 seconds.
  path: Assets/LeartesStudios/DarkMedieval/HDRP/Art/Meshes/SK_DoctorV02_withmask_Posed02_Anim.FBX
  artifactKey: Guid(6b54f6265d448364fa1bd149dd2f0220) Importer(815301076,1909f56bfc062723c751e8b465ee728b)
Start importing Assets/LeartesStudios/DarkMedieval/HDRP/Art/Meshes/SK_DoctorV02_withmask_Posed02_Anim.FBX using Guid(6b54f6265d448364fa1bd149dd2f0220) Importer(815301076,1909f56bfc062723c751e8b465ee728b)  -> (artifact id: 'c265499bd678992f2f732f194c21a742') in 0.005437 seconds
Number of updated asset objects reloaded before import = 0
Number of asset objects unloaded after import = 163
========================================================================
Received Import Request.
  Time since last request: 0.000011 seconds.
  path: Assets/LeartesStudios/DarkMedieval/HDRP/Art/Meshes/SK_FemalePeasant_Posed01_Anim.FBX
  artifactKey: Guid(6ed746099ba15334a9312bf0f0283899) Importer(815301076,1909f56bfc062723c751e8b465ee728b)
Start importing Assets/LeartesStudios/DarkMedieval/HDRP/Art/Meshes/SK_FemalePeasant_Posed01_Anim.FBX using Guid(6ed746099ba15334a9312bf0f0283899) Importer(815301076,1909f56bfc062723c751e8b465ee728b)  -> (artifact id: 'fc0c3c606bf3168876aeb600c7634eca') in 0.007461 seconds
Number of updated asset objects reloaded before import = 0
Number of asset objects unloaded after import = 188
========================================================================
Received Import Request.
  Time since last request: 0.000010 seconds.
  path: Assets/LeartesStudios/DarkMedieval/HDRP/Art/Meshes/SK_DoctorV02_withmask_Posed03_Anim.FBX
  artifactKey: Guid(becad753ee86f0c43a10a3ad23731ad5) Importer(815301076,1909f56bfc062723c751e8b465ee728b)
Start importing Assets/LeartesStudios/DarkMedieval/HDRP/Art/Meshes/SK_DoctorV02_withmask_Posed03_Anim.FBX using Guid(becad753ee86f0c43a10a3ad23731ad5) Importer(815301076,1909f56bfc062723c751e8b465ee728b)  -> (artifact id: 'ca3d1ae643b9b3987aefd75ef92463b6') in 0.005218 seconds
Number of updated asset objects reloaded before import = 0
Number of asset objects unloaded after import = 163
========================================================================
Received Import Request.
  Time since last request: 0.000019 seconds.
  path: Assets/LeartesStudios/DarkMedieval/HDRP/Art/Meshes/SK_Rat_Anim_Anim - Copy.FBX
  artifactKey: Guid(58a33a13a0130b34ea16eeefd2725ccc) Importer(815301076,1909f56bfc062723c751e8b465ee728b)
Start importing Assets/LeartesStudios/DarkMedieval/HDRP/Art/Meshes/SK_Rat_Anim_Anim - Copy.FBX using Guid(58a33a13a0130b34ea16eeefd2725ccc) Importer(815301076,1909f56bfc062723c751e8b465ee728b)  -> (artifact id: 'e0a357877a240115210b6323c4374990') in 0.010285 seconds
Number of updated asset objects reloaded before import = 0
Number of asset objects unloaded after import = 81
========================================================================
Received Import Request.
  Time since last request: 7.609958 seconds.
  path: Assets/LeartesStudios/DarkMedieval/HDRP/Scenes
  artifactKey: Guid(e233cc6c4126d5b4081c21a4b93ef116) Importer(815301076,1909f56bfc062723c751e8b465ee728b)
Start importing Assets/LeartesStudios/DarkMedieval/HDRP/Scenes using Guid(e233cc6c4126d5b4081c21a4b93ef116) Importer(815301076,1909f56bfc062723c751e8b465ee728b)  -> (artifact id: '5ca37c8072a71d8d263d7f874c288935') in 0.000442 seconds
Number of updated asset objects reloaded before import = 0
Number of asset objects unloaded after import = 0
========================================================================
Received Import Request.
  Time since last request: 8.264240 seconds.
  path: Assets/LeartesStudios/DarkMedieval/HDRP/Art/Prefabs
  artifactKey: Guid(db23648c0cdb957409705c39e47c0864) Importer(815301076,1909f56bfc062723c751e8b465ee728b)
Start importing Assets/LeartesStudios/DarkMedieval/HDRP/Art/Prefabs using Guid(db23648c0cdb957409705c39e47c0864) Importer(815301076,1909f56bfc062723c751e8b465ee728b)  -> (artifact id: 'b28581ce5e505330ea0feeffd226775e') in 0.000381 seconds
Number of updated asset objects reloaded before import = 0
Number of asset objects unloaded after import = 0
========================================================================
Received Import Request.
  Time since last request: 0.049059 seconds.
  path: Assets/LeartesStudios/DarkMedieval/HDRP/Art/Prefabs/FireParticleParent 1.prefab
  artifactKey: Guid(e2d0ae52b010d574181001921af8891d) Importer(815301076,1909f56bfc062723c751e8b465ee728b)
Start importing Assets/LeartesStudios/DarkMedieval/HDRP/Art/Prefabs/FireParticleParent 1.prefab using Guid(e2d0ae52b010d574181001921af8891d) Importer(815301076,1909f56bfc062723c751e8b465ee728b)  -> (artifact id: '8a793fab42e291cace200e56c2e8f395') in 0.008207 seconds
Number of updated asset objects reloaded before import = 0
Number of asset objects unloaded after import = 15
========================================================================
Received Import Request.
  Time since last request: 0.000014 seconds.
  path: Assets/LeartesStudios/DarkMedieval/HDRP/Art/Prefabs/Ropes_SM_Rope12_69.prefab
  artifactKey: Guid(abc00000000010195530882842459459) Importer(815301076,1909f56bfc062723c751e8b465ee728b)
Start importing Assets/LeartesStudios/DarkMedieval/HDRP/Art/Prefabs/Ropes_SM_Rope12_69.prefab using Guid(abc00000000010195530882842459459) Importer(815301076,1909f56bfc062723c751e8b465ee728b)  -> (artifact id: 'b1e3d30feea48b29ceb30652c2c7532b') in 0.001313 seconds
Number of updated asset objects reloaded before import = 0
Number of asset objects unloaded after import = 11
========================================================================
Received Import Request.
  Time since last request: 0.000017 seconds.
  path: Assets/LeartesStudios/DarkMedieval/HDRP/Art/Prefabs/MoonParent.prefab
  artifactKey: Guid(d3b3034c52cae1c4f8f1ecf5e9fd97fe) Importer(815301076,1909f56bfc062723c751e8b465ee728b)
Start importing Assets/LeartesStudios/DarkMedieval/HDRP/Art/Prefabs/MoonParent.prefab using Guid(d3b3034c52cae1c4f8f1ecf5e9fd97fe) Importer(815301076,1909f56bfc062723c751e8b465ee728b)  -> (artifact id: '4f5e0c124c33ddd663ae9a051b23c88b') in 0.001714 seconds
Number of updated asset objects reloaded before import = 0
Number of asset objects unloaded after import = 8
========================================================================
Received Import Request.
  Time since last request: 0.000071 seconds.
  path: Assets/LeartesStudios/DarkMedieval/HDRP/Art/Prefabs/PF_HorsewithSaddle02.prefab
  artifactKey: Guid(5cec7ffc10a1ab34fa966a789eceb648) Importer(815301076,1909f56bfc062723c751e8b465ee728b)
Start importing Assets/LeartesStudios/DarkMedieval/HDRP/Art/Prefabs/PF_HorsewithSaddle02.prefab using Guid(5cec7ffc10a1ab34fa966a789eceb648) Importer(815301076,1909f56bfc062723c751e8b465ee728b)  -> (artifact id: '51239df34a9e3640bb51427883c8fe8d') in 0.003755 seconds
Number of updated asset objects reloaded before import = 0
Number of asset objects unloaded after import = 125
========================================================================
Received Import Request.
  Time since last request: 0.000011 seconds.
  path: Assets/LeartesStudios/DarkMedieval/HDRP/Art/Prefabs/SK_DoctorV02_withoutmask_Posed01_Anim.prefab
  artifactKey: Guid(9655ee65276781a4583f96e4d1918f3e) Importer(815301076,1909f56bfc062723c751e8b465ee728b)
Start importing Assets/LeartesStudios/DarkMedieval/HDRP/Art/Prefabs/SK_DoctorV02_withoutmask_Posed01_Anim.prefab using Guid(9655ee65276781a4583f96e4d1918f3e) Importer(815301076,1909f56bfc062723c751e8b465ee728b)  -> (artifact id: '5ee4d368eaf3bbb5aa52174dcd166704') in 0.003511 seconds
Number of updated asset objects reloaded before import = 0
Number of asset objects unloaded after import = 182
========================================================================
Received Import Request.
  Time since last request: 0.000013 seconds.
  path: Assets/LeartesStudios/DarkMedieval/HDRP/Art/Prefabs/SK_DoctorV02_withmask_Posed03_Anim.prefab
  artifactKey: Guid(d763bc52f0d5e7e4d951045743bcedf2) Importer(815301076,1909f56bfc062723c751e8b465ee728b)
Start importing Assets/LeartesStudios/DarkMedieval/HDRP/Art/Prefabs/SK_DoctorV02_withmask_Posed03_Anim.prefab using Guid(d763bc52f0d5e7e4d951045743bcedf2) Importer(815301076,1909f56bfc062723c751e8b465ee728b)  -> (artifact id: '90ab4b4554c1b41409bc5b2d9321cb37') in 0.003017 seconds
Number of updated asset objects reloaded before import = 0
Number of asset objects unloaded after import = 154
========================================================================
Received Import Request.
  Time since last request: 0.000011 seconds.
  path: Assets/LeartesStudios/DarkMedieval/HDRP/Art/Prefabs/Ropes_SM_Rope2_79.prefab
  artifactKey: Guid(abc00000000005937266118184887897) Importer(815301076,1909f56bfc062723c751e8b465ee728b)
Start importing Assets/LeartesStudios/DarkMedieval/HDRP/Art/Prefabs/Ropes_SM_Rope2_79.prefab using Guid(abc00000000005937266118184887897) Importer(815301076,1909f56bfc062723c751e8b465ee728b)  -> (artifact id: 'b6d540eb20203a5c0886f63148c381df') in 0.001512 seconds
Number of updated asset objects reloaded before import = 0
Number of asset objects unloaded after import = 11
========================================================================
Received Import Request.
  Time since last request: 0.000015 seconds.
  path: Assets/LeartesStudios/DarkMedieval/HDRP/Art/Prefabs/SK_DoctorV02_withmask_Posed01_Anim.prefab
  artifactKey: Guid(e9e82e2377e166d4f99504b9be9f834c) Importer(815301076,1909f56bfc062723c751e8b465ee728b)
Start importing Assets/LeartesStudios/DarkMedieval/HDRP/Art/Prefabs/SK_DoctorV02_withmask_Posed01_Anim.prefab using Guid(e9e82e2377e166d4f99504b9be9f834c) Importer(815301076,1909f56bfc062723c751e8b465ee728b)  -> (artifact id: 'a505ff2be74dbfd173c0b4821381fe08') in 0.003866 seconds
Number of updated asset objects reloaded before import = 0
Number of asset objects unloaded after import = 154
========================================================================
Received Import Request.
  Time since last request: 65.997331 seconds.
  path: Assets/LeartesStudios/DarkMedieval/HDRP/Art/Prefabs/SK_DoctorV02_withoutmask_Posed04_Anim.prefab
  artifactKey: Guid(1959e723e917fd84797c88378b66cdea) Importer(815301076,1909f56bfc062723c751e8b465ee728b)
Start importing Assets/LeartesStudios/DarkMedieval/HDRP/Art/Prefabs/SK_DoctorV02_withoutmask_Posed04_Anim.prefab using Guid(1959e723e917fd84797c88378b66cdea) Importer(815301076,1909f56bfc062723c751e8b465ee728b)  -> (artifact id: '6ca187c01e6da828613e14481e50d978') in 0.002145 seconds
Number of updated asset objects reloaded before import = 0
Number of asset objects unloaded after import = 181
========================================================================
Received Import Request.
  Time since last request: 6.599932 seconds.
  path: Assets/LeartesStudios/DarkMedieval/HDRP/Art/Prefabs/SK_MalePeasant.prefab
  artifactKey: Guid(8d3d074fbb5dfeb479bd69e0f57cd595) Importer(815301076,1909f56bfc062723c751e8b465ee728b)
Start importing Assets/LeartesStudios/DarkMedieval/HDRP/Art/Prefabs/SK_MalePeasant.prefab using Guid(8d3d074fbb5dfeb479bd69e0f57cd595) Importer(815301076,1909f56bfc062723c751e8b465ee728b)  -> (artifact id: 'dc027939aea51a489133c97c29972a03') in 0.003533 seconds
Number of updated asset objects reloaded before import = 0
Number of asset objects unloaded after import = 199
========================================================================
Received Import Request.
  Time since last request: 0.026779 seconds.
  path: Assets/LeartesStudios/DarkMedieval/HDRP/Art/Prefabs/SK_Pig_Anim.prefab
  artifactKey: Guid(148cdb8316a6a3d42acdf1e7fd4c948e) Importer(815301076,1909f56bfc062723c751e8b465ee728b)
Start importing Assets/LeartesStudios/DarkMedieval/HDRP/Art/Prefabs/SK_Pig_Anim.prefab using Guid(148cdb8316a6a3d42acdf1e7fd4c948e) Importer(815301076,1909f56bfc062723c751e8b465ee728b)  -> (artifact id: '2effa35f6a2c115e67a9d85ef956c403') in 0.001862 seconds
Number of updated asset objects reloaded before import = 0
Number of asset objects unloaded after import = 31
========================================================================
Received Import Request.
  Time since last request: 8.168390 seconds.
  path: Assets/LeartesStudios/DarkMedieval/HDRP/Art/Prefabs/SM+Roof6.prefab
  artifactKey: Guid(abc00000000017853108958548490042) Importer(815301076,1909f56bfc062723c751e8b465ee728b)
Start importing Assets/LeartesStudios/DarkMedieval/HDRP/Art/Prefabs/SM+Roof6.prefab using Guid(abc00000000017853108958548490042) Importer(815301076,1909f56bfc062723c751e8b465ee728b)  -> (artifact id: '69c7f194d8a42306d9b44e23487ae3f9') in 0.001589 seconds
Number of updated asset objects reloaded before import = 0
Number of asset objects unloaded after import = 11
========================================================================
Received Import Request.
  Time since last request: 5.823859 seconds.
  path: Assets/LeartesStudios/DarkMedieval/HDRP/Art/Prefabs/SM+Roof20.prefab
  artifactKey: Guid(abc00000000007497325911260904826) Importer(815301076,1909f56bfc062723c751e8b465ee728b)
Start importing Assets/LeartesStudios/DarkMedieval/HDRP/Art/Prefabs/SM+Roof20.prefab using Guid(abc00000000007497325911260904826) Importer(815301076,1909f56bfc062723c751e8b465ee728b)  -> (artifact id: '3a9fd6815e1757ee7706891613e38be6') in 0.001592 seconds
Number of updated asset objects reloaded before import = 0
Number of asset objects unloaded after import = 11
========================================================================
Received Import Request.
  Time since last request: 0.955375 seconds.
  path: Assets/LeartesStudios/DarkMedieval/HDRP/Art/Prefabs/SM+Roof24.prefab
  artifactKey: Guid(abc00000000013142563900949090790) Importer(815301076,1909f56bfc062723c751e8b465ee728b)
Start importing Assets/LeartesStudios/DarkMedieval/HDRP/Art/Prefabs/SM+Roof24.prefab using Guid(abc00000000013142563900949090790) Importer(815301076,1909f56bfc062723c751e8b465ee728b)  -> (artifact id: '3b83bb781c27aaa89312f77eaca22809') in 0.001475 seconds
Number of updated asset objects reloaded before import = 0
Number of asset objects unloaded after import = 11
========================================================================
Received Import Request.
  Time since last request: 37.327774 seconds.
  path: Assets/LeartesStudios/DarkMedieval/HDRP/Art/Prefabs/SM+Roof44 (1).prefab
  artifactKey: Guid(fe04893bba04a7a4b91800d4a7d48833) Importer(815301076,1909f56bfc062723c751e8b465ee728b)
Start importing Assets/LeartesStudios/DarkMedieval/HDRP/Art/Prefabs/SM+Roof44 (1).prefab using Guid(fe04893bba04a7a4b91800d4a7d48833) Importer(815301076,1909f56bfc062723c751e8b465ee728b)  -> (artifact id: '2d0c7b684134ec1d635374930f073f44') in 0.001362 seconds
Number of updated asset objects reloaded before import = 0
Number of asset objects unloaded after import = 12
========================================================================
Received Import Request.
  Time since last request: 9.174231 seconds.
  path: Assets/LeartesStudios/DarkMedieval/HDRP/Art/Prefabs/SM_B01_Ground_300x300_V5.prefab
  artifactKey: Guid(abc00000000004230998610949082780) Importer(815301076,1909f56bfc062723c751e8b465ee728b)
Start importing Assets/LeartesStudios/DarkMedieval/HDRP/Art/Prefabs/SM_B01_Ground_300x300_V5.prefab using Guid(abc00000000004230998610949082780) Importer(815301076,1909f56bfc062723c751e8b465ee728b)  -> (artifact id: 'e19b833f3547c7e912ee9aa4a2b2c87c') in 0.001951 seconds
Number of updated asset objects reloaded before import = 0
Number of asset objects unloaded after import = 11
========================================================================
Received Import Request.
  Time since last request: 9.001235 seconds.
  path: Assets/LeartesStudios/DarkMedieval/HDRP/Art/Prefabs/SM_B01_Wall_300x150_V2.prefab
  artifactKey: Guid(abc00000000003276573655048424011) Importer(815301076,1909f56bfc062723c751e8b465ee728b)
Start importing Assets/LeartesStudios/DarkMedieval/HDRP/Art/Prefabs/SM_B01_Wall_300x150_V2.prefab using Guid(abc00000000003276573655048424011) Importer(815301076,1909f56bfc062723c751e8b465ee728b)  -> (artifact id: '18251a8a8518dec067f1a7c9f67a2542') in 0.001724 seconds
Number of updated asset objects reloaded before import = 0
Number of asset objects unloaded after import = 11
========================================================================
Received Import Request.
  Time since last request: 5.151885 seconds.
  path: Assets/LeartesStudios/DarkMedieval/HDRP/Art/Prefabs/SM_B01_Wall_300x150_V3.prefab
  artifactKey: Guid(abc00000000002123292400735770114) Importer(815301076,1909f56bfc062723c751e8b465ee728b)
Start importing Assets/LeartesStudios/DarkMedieval/HDRP/Art/Prefabs/SM_B01_Wall_300x150_V3.prefab using Guid(abc00000000002123292400735770114) Importer(815301076,1909f56bfc062723c751e8b465ee728b)  -> (artifact id: '0339f43f513c9d6e1cd4d843710423c5') in 0.001265 seconds
Number of updated asset objects reloaded before import = 0
Number of asset objects unloaded after import = 10
========================================================================
Received Import Request.
  Time since last request: 12.353551 seconds.
  path: Assets/LeartesStudios/DarkMedieval/HDRP/Art/Prefabs/SM_B01_Wall_300x150_V6.prefab
  artifactKey: Guid(abc00000000007538441079787797511) Importer(815301076,1909f56bfc062723c751e8b465ee728b)
Start importing Assets/LeartesStudios/DarkMedieval/HDRP/Art/Prefabs/SM_B01_Wall_300x150_V6.prefab using Guid(abc00000000007538441079787797511) Importer(815301076,1909f56bfc062723c751e8b465ee728b)  -> (artifact id: '37eb9e47f83d5fce14f3ef358f5645e9') in 0.001951 seconds
Number of updated asset objects reloaded before import = 0
Number of asset objects unloaded after import = 16
========================================================================
Received Import Request.
  Time since last request: 3.573124 seconds.
  path: Assets/LeartesStudios/DarkMedieval/HDRP/Art/Prefabs/SM_B01_Wall_300x150_V12.prefab
  artifactKey: Guid(abc00000000005980956076851055330) Importer(815301076,1909f56bfc062723c751e8b465ee728b)
Start importing Assets/LeartesStudios/DarkMedieval/HDRP/Art/Prefabs/SM_B01_Wall_300x150_V12.prefab using Guid(abc00000000005980956076851055330) Importer(815301076,1909f56bfc062723c751e8b465ee728b)  -> (artifact id: '8a234646d81ec716e2b8b0bf9ee38fa6') in 0.001615 seconds
Number of updated asset objects reloaded before import = 0
Number of asset objects unloaded after import = 11
========================================================================
Received Import Request.
  Time since last request: 0.042828 seconds.
  path: Assets/LeartesStudios/DarkMedieval/HDRP/Art/Prefabs/SM_B01_Wall_300x150_V17.prefab
  artifactKey: Guid(abc00000000011012463529008329959) Importer(815301076,1909f56bfc062723c751e8b465ee728b)
Start importing Assets/LeartesStudios/DarkMedieval/HDRP/Art/Prefabs/SM_B01_Wall_300x150_V17.prefab using Guid(abc00000000011012463529008329959) Importer(815301076,1909f56bfc062723c751e8b465ee728b)  -> (artifact id: '1840ce2a07b43af4e1a1a1bac4495138') in 0.001967 seconds
Number of updated asset objects reloaded before import = 0
Number of asset objects unloaded after import = 12
========================================================================
Received Import Request.
  Time since last request: 0.390586 seconds.
  path: Assets/LeartesStudios/DarkMedieval/HDRP/Art/Prefabs/SM_B01_Wall_300x150_V31_47.prefab
  artifactKey: Guid(abc00000000011545725534945779281) Importer(815301076,1909f56bfc062723c751e8b465ee728b)
Start importing Assets/LeartesStudios/DarkMedieval/HDRP/Art/Prefabs/SM_B01_Wall_300x150_V31_47.prefab using Guid(abc00000000011545725534945779281) Importer(815301076,1909f56bfc062723c751e8b465ee728b)  -> (artifact id: '4bf38042f41b4f5e9dbedecc468d2470') in 0.002037 seconds
Number of updated asset objects reloaded before import = 0
Number of asset objects unloaded after import = 10
========================================================================
Received Import Request.
  Time since last request: 7.902923 seconds.
  path: Assets/LeartesStudios/DarkMedieval/HDRP/Art/Prefabs/SM_B01_Wall_300x150_V34.prefab
  artifactKey: Guid(abc00000000005655006738231944770) Importer(815301076,1909f56bfc062723c751e8b465ee728b)
Start importing Assets/LeartesStudios/DarkMedieval/HDRP/Art/Prefabs/SM_B01_Wall_300x150_V34.prefab using Guid(abc00000000005655006738231944770) Importer(815301076,1909f56bfc062723c751e8b465ee728b)  -> (artifact id: '65574767c6ddefd077df746882b46a2a') in 0.002075 seconds
Number of updated asset objects reloaded before import = 0
Number of asset objects unloaded after import = 12
========================================================================
Received Import Request.
  Time since last request: 0.228844 seconds.
  path: Assets/LeartesStudios/DarkMedieval/HDRP/Art/Prefabs/SM_B01_Wall_300x150_V39_59.prefab
  artifactKey: Guid(abc00000000010645569327259101232) Importer(815301076,1909f56bfc062723c751e8b465ee728b)
Start importing Assets/LeartesStudios/DarkMedieval/HDRP/Art/Prefabs/SM_B01_Wall_300x150_V39_59.prefab using Guid(abc00000000010645569327259101232) Importer(815301076,1909f56bfc062723c751e8b465ee728b)  -> (artifact id: 'd63fcabaa3fb410c506c8492c7b30b01') in 0.001969 seconds
Number of updated asset objects reloaded before import = 0
Number of asset objects unloaded after import = 12
========================================================================
Received Import Request.
  Time since last request: 2.200036 seconds.
  path: Assets/LeartesStudios/DarkMedieval/HDRP/Art/Prefabs/SM_B01_Wall_300x150_V41.prefab
  artifactKey: Guid(abc00000000016958749551960711446) Importer(815301076,1909f56bfc062723c751e8b465ee728b)
Start importing Assets/LeartesStudios/DarkMedieval/HDRP/Art/Prefabs/SM_B01_Wall_300x150_V41.prefab using Guid(abc00000000016958749551960711446) Importer(815301076,1909f56bfc062723c751e8b465ee728b)  -> (artifact id: '7b68357445378d2bc980f88fab16b9d2') in 0.001771 seconds
Number of updated asset objects reloaded before import = 0
Number of asset objects unloaded after import = 12
========================================================================
Received Import Request.
  Time since last request: 0.010859 seconds.
  path: Assets/LeartesStudios/DarkMedieval/HDRP/Art/Prefabs/SM_B02_Roof01_2.prefab
  artifactKey: Guid(abc00000000016607075435110452213) Importer(815301076,1909f56bfc062723c751e8b465ee728b)
Start importing Assets/LeartesStudios/DarkMedieval/HDRP/Art/Prefabs/SM_B02_Roof01_2.prefab using Guid(abc00000000016607075435110452213) Importer(815301076,1909f56bfc062723c751e8b465ee728b)  -> (artifact id: '7e9f18a61f58a4f4881c0f72769bdb1f') in 0.001905 seconds
Number of updated asset objects reloaded before import = 0
Number of asset objects unloaded after import = 12
========================================================================
Received Import Request.
  Time since last request: 6.650974 seconds.
  path: Assets/LeartesStudios/DarkMedieval/HDRP/Art/Prefabs/SM_B02_Wall_150x300_V4.prefab
  artifactKey: Guid(abc00000000012408632522020436962) Importer(815301076,1909f56bfc062723c751e8b465ee728b)
Start importing Assets/LeartesStudios/DarkMedieval/HDRP/Art/Prefabs/SM_B02_Wall_150x300_V4.prefab using Guid(abc00000000012408632522020436962) Importer(815301076,1909f56bfc062723c751e8b465ee728b)  -> (artifact id: '8707e6b31560d1d7f43fcc5fc5f0c0f3') in 0.001657 seconds
Number of updated asset objects reloaded before import = 0
Number of asset objects unloaded after import = 12
========================================================================
Received Import Request.
  Time since last request: 0.000014 seconds.
  path: Assets/LeartesStudios/DarkMedieval/HDRP/Art/Prefabs/SM_B02_Wall_150x600_V6.prefab
  artifactKey: Guid(abc00000000005715686436740683387) Importer(815301076,1909f56bfc062723c751e8b465ee728b)
Start importing Assets/LeartesStudios/DarkMedieval/HDRP/Art/Prefabs/SM_B02_Wall_150x600_V6.prefab using Guid(abc00000000005715686436740683387) Importer(815301076,1909f56bfc062723c751e8b465ee728b)  -> (artifact id: 'a8549a8678cbbf1a44a61f32689bf6ad') in 0.001570 seconds
Number of updated asset objects reloaded before import = 0
Number of asset objects unloaded after import = 12
========================================================================
Received Import Request.
  Time since last request: 0.245569 seconds.
  path: Assets/LeartesStudios/DarkMedieval/HDRP/Art/Prefabs/SM_B02_Wall_150x600_V8 (1).prefab
  artifactKey: Guid(9c2047479d19a4646ba0c88c33003a61) Importer(815301076,1909f56bfc062723c751e8b465ee728b)
Start importing Assets/LeartesStudios/DarkMedieval/HDRP/Art/Prefabs/SM_B02_Wall_150x600_V8 (1).prefab using Guid(9c2047479d19a4646ba0c88c33003a61) Importer(815301076,1909f56bfc062723c751e8b465ee728b)  -> (artifact id: 'a55d0630527e53793c69c9480fc1f75a') in 0.001940 seconds
Number of updated asset objects reloaded before import = 0
Number of asset objects unloaded after import = 12
========================================================================
Received Import Request.
  Time since last request: 0.044059 seconds.
  path: Assets/LeartesStudios/DarkMedieval/HDRP/Art/Prefabs/SM_B02_Wall_150x600_V10_165.prefab
  artifactKey: Guid(abc00000000010758472234586347399) Importer(815301076,1909f56bfc062723c751e8b465ee728b)
Start importing Assets/LeartesStudios/DarkMedieval/HDRP/Art/Prefabs/SM_B02_Wall_150x600_V10_165.prefab using Guid(abc00000000010758472234586347399) Importer(815301076,1909f56bfc062723c751e8b465ee728b)  -> (artifact id: '95b8e837b5def4db1e498bcfdfa07307') in 0.001876 seconds
Number of updated asset objects reloaded before import = 0
Number of asset objects unloaded after import = 12
========================================================================
Received Import Request.
  Time since last request: 3.407497 seconds.
  path: Assets/LeartesStudios/DarkMedieval/HDRP/Art/Prefabs/SM_B02_Wall_150x600_V17_26.prefab
  artifactKey: Guid(abc00000000016678766940327041318) Importer(815301076,1909f56bfc062723c751e8b465ee728b)
Start importing Assets/LeartesStudios/DarkMedieval/HDRP/Art/Prefabs/SM_B02_Wall_150x600_V17_26.prefab using Guid(abc00000000016678766940327041318) Importer(815301076,1909f56bfc062723c751e8b465ee728b)  -> (artifact id: 'ef6025a5c442a3bb12b1ffd38b5bbd63') in 0.002251 seconds
Number of updated asset objects reloaded before import = 0
Number of asset objects unloaded after import = 11
========================================================================
Received Import Request.
  Time since last request: 0.004167 seconds.
  path: Assets/LeartesStudios/DarkMedieval/HDRP/Art/Prefabs/SM_B02_Wall_150x600_V25.prefab
  artifactKey: Guid(abc00000000012588347097362196336) Importer(815301076,1909f56bfc062723c751e8b465ee728b)
Start importing Assets/LeartesStudios/DarkMedieval/HDRP/Art/Prefabs/SM_B02_Wall_150x600_V25.prefab using Guid(abc00000000012588347097362196336) Importer(815301076,1909f56bfc062723c751e8b465ee728b)  -> (artifact id: 'aba74287625376e039115ad33d02157a') in 0.001676 seconds
Number of updated asset objects reloaded before import = 0
Number of asset objects unloaded after import = 10
========================================================================
Received Import Request.
  Time since last request: 0.251189 seconds.
  path: Assets/LeartesStudios/DarkMedieval/HDRP/Art/Prefabs/SM_B02_Wall_150x600_V38.prefab
  artifactKey: Guid(abc00000000001564264992471056810) Importer(815301076,1909f56bfc062723c751e8b465ee728b)
Start importing Assets/LeartesStudios/DarkMedieval/HDRP/Art/Prefabs/SM_B02_Wall_150x600_V38.prefab using Guid(abc00000000001564264992471056810) Importer(815301076,1909f56bfc062723c751e8b465ee728b)  -> (artifact id: 'e7e7fef3e4291e07eb644e0e4edd3de6') in 0.001567 seconds
Number of updated asset objects reloaded before import = 0
Number of asset objects unloaded after import = 12
========================================================================
Received Import Request.
  Time since last request: 3.955756 seconds.
  path: Assets/LeartesStudios/DarkMedieval/HDRP/Art/Prefabs/SM_B02_Wall_300x100_V01_23 (1).prefab
  artifactKey: Guid(4466312fe057bb6419500d7e0ea8129c) Importer(815301076,1909f56bfc062723c751e8b465ee728b)
Start importing Assets/LeartesStudios/DarkMedieval/HDRP/Art/Prefabs/SM_B02_Wall_300x100_V01_23 (1).prefab using Guid(4466312fe057bb6419500d7e0ea8129c) Importer(815301076,1909f56bfc062723c751e8b465ee728b)  -> (artifact id: 'fff3de807c4bdd9bc753b8c527f2d57d') in 0.001637 seconds
Number of updated asset objects reloaded before import = 0
Number of asset objects unloaded after import = 12
========================================================================
Received Import Request.
  Time since last request: 0.005373 seconds.
  path: Assets/LeartesStudios/DarkMedieval/HDRP/Art/Prefabs/SM_B02_Wall_300x150_V02_40.prefab
  artifactKey: Guid(abc00000000001508413840656094339) Importer(815301076,1909f56bfc062723c751e8b465ee728b)
Start importing Assets/LeartesStudios/DarkMedieval/HDRP/Art/Prefabs/SM_B02_Wall_300x150_V02_40.prefab using Guid(abc00000000001508413840656094339) Importer(815301076,1909f56bfc062723c751e8b465ee728b)  -> (artifact id: '3e5677128adfd2f909b3ede20e5e3fb8') in 0.001422 seconds
Number of updated asset objects reloaded before import = 0
Number of asset objects unloaded after import = 13
========================================================================
Received Import Request.
  Time since last request: 0.000012 seconds.
  path: Assets/LeartesStudios/DarkMedieval/HDRP/Art/Prefabs/SM_B03_Balcony_150End_127.prefab
  artifactKey: Guid(abc00000000004334571166902067037) Importer(815301076,1909f56bfc062723c751e8b465ee728b)
Start importing Assets/LeartesStudios/DarkMedieval/HDRP/Art/Prefabs/SM_B03_Balcony_150End_127.prefab using Guid(abc00000000004334571166902067037) Importer(815301076,1909f56bfc062723c751e8b465ee728b)  -> (artifact id: '46e88f3c79c098bfd8553f3fa2041b0e') in 0.001565 seconds
Number of updated asset objects reloaded before import = 0
Number of asset objects unloaded after import = 12
========================================================================
Received Import Request.
  Time since last request: 0.211017 seconds.
  path: Assets/LeartesStudios/DarkMedieval/HDRP/Art/Prefabs/SM_B03_Balcony_150x750_V32.prefab
  artifactKey: Guid(abc00000000009587002085170611857) Importer(815301076,1909f56bfc062723c751e8b465ee728b)
Start importing Assets/LeartesStudios/DarkMedieval/HDRP/Art/Prefabs/SM_B03_Balcony_150x750_V32.prefab using Guid(abc00000000009587002085170611857) Importer(815301076,1909f56bfc062723c751e8b465ee728b)  -> (artifact id: '4932a3c6dda8faa5b9526216d55ed7ce') in 0.001734 seconds
Number of updated asset objects reloaded before import = 0
Number of asset objects unloaded after import = 12
========================================================================
Received Import Request.
  Time since last request: 1.957430 seconds.
  path: Assets/LeartesStudios/DarkMedieval/HDRP/Art/Prefabs/SM_B03_Balcony_150x750_V36.prefab
  artifactKey: Guid(abc00000000017996899097936953565) Importer(815301076,1909f56bfc062723c751e8b465ee728b)
Start importing Assets/LeartesStudios/DarkMedieval/HDRP/Art/Prefabs/SM_B03_Balcony_150x750_V36.prefab using Guid(abc00000000017996899097936953565) Importer(815301076,1909f56bfc062723c751e8b465ee728b)  -> (artifact id: '3443a927ec28bd7c4bf27ca6fe27682e') in 0.001826 seconds
Number of updated asset objects reloaded before import = 0
Number of asset objects unloaded after import = 12
========================================================================
Received Import Request.
  Time since last request: 0.221743 seconds.
  path: Assets/LeartesStudios/DarkMedieval/HDRP/Art/Prefabs/SM_B03_Balcony_150x750_V46.prefab
  artifactKey: Guid(abc00000000009507770336944480308) Importer(815301076,1909f56bfc062723c751e8b465ee728b)
Start importing Assets/LeartesStudios/DarkMedieval/HDRP/Art/Prefabs/SM_B03_Balcony_150x750_V46.prefab using Guid(abc00000000009507770336944480308) Importer(815301076,1909f56bfc062723c751e8b465ee728b)  -> (artifact id: 'c32e5773d7dd1c1a7dd83b4e323ce159') in 0.002112 seconds
Number of updated asset objects reloaded before import = 0
Number of asset objects unloaded after import = 10
========================================================================
Received Import Request.
  Time since last request: 0.000011 seconds.
  path: Assets/LeartesStudios/DarkMedieval/HDRP/Art/Prefabs/SM_B03_Balcony_150x750_V136.prefab
  artifactKey: Guid(abc00000000005170387209660456864) Importer(815301076,1909f56bfc062723c751e8b465ee728b)
Start importing Assets/LeartesStudios/DarkMedieval/HDRP/Art/Prefabs/SM_B03_Balcony_150x750_V136.prefab using Guid(abc00000000005170387209660456864) Importer(815301076,1909f56bfc062723c751e8b465ee728b)  -> (artifact id: '5b348eb8e56549679a2c33572beabd9b') in 0.001482 seconds
Number of updated asset objects reloaded before import = 0
Number of asset objects unloaded after import = 12
========================================================================
Received Import Request.
  Time since last request: 0.424503 seconds.
  path: Assets/LeartesStudios/DarkMedieval/HDRP/Art/Prefabs/SM_B03_Balcony_250x250_V01_1183.prefab
  artifactKey: Guid(abc00000000005101327221667697101) Importer(815301076,1909f56bfc062723c751e8b465ee728b)
Start importing Assets/LeartesStudios/DarkMedieval/HDRP/Art/Prefabs/SM_B03_Balcony_250x250_V01_1183.prefab using Guid(abc00000000005101327221667697101) Importer(815301076,1909f56bfc062723c751e8b465ee728b)  -> (artifact id: '915fbab1ab3be3cfbc4945c670e9e428') in 0.001858 seconds
Number of updated asset objects reloaded before import = 0
Number of asset objects unloaded after import = 12
========================================================================
Received Import Request.
  Time since last request: 3.839517 seconds.
  path: Assets/LeartesStudios/DarkMedieval/HDRP/Art/Prefabs/SM_B03_SmallRoof_End_189.prefab
  artifactKey: Guid(abc00000000011649705061554513610) Importer(815301076,1909f56bfc062723c751e8b465ee728b)
Start importing Assets/LeartesStudios/DarkMedieval/HDRP/Art/Prefabs/SM_B03_SmallRoof_End_189.prefab using Guid(abc00000000011649705061554513610) Importer(815301076,1909f56bfc062723c751e8b465ee728b)  -> (artifact id: '0b69536c178be0882a1feaf2118b01db') in 0.001466 seconds
Number of updated asset objects reloaded before import = 0
Number of asset objects unloaded after import = 12
========================================================================
Received Import Request.
  Time since last request: 0.010188 seconds.
  path: Assets/LeartesStudios/DarkMedieval/HDRP/Art/Prefabs/SM_B03_Wood_326.prefab
  artifactKey: Guid(abc00000000009732088369120324115) Importer(815301076,1909f56bfc062723c751e8b465ee728b)
Start importing Assets/LeartesStudios/DarkMedieval/HDRP/Art/Prefabs/SM_B03_Wood_326.prefab using Guid(abc00000000009732088369120324115) Importer(815301076,1909f56bfc062723c751e8b465ee728b)  -> (artifact id: '287bcee7dab9cfdbbd40175a411d879c') in 0.001542 seconds
Number of updated asset objects reloaded before import = 0
Number of asset objects unloaded after import = 12
========================================================================
Received Import Request.
  Time since last request: 3.710316 seconds.
  path: Assets/LeartesStudios/DarkMedieval/HDRP/Art/Prefabs/SM_Basket_A_46.prefab
  artifactKey: Guid(abc00000000002363713115667096521) Importer(815301076,1909f56bfc062723c751e8b465ee728b)
Start importing Assets/LeartesStudios/DarkMedieval/HDRP/Art/Prefabs/SM_Basket_A_46.prefab using Guid(abc00000000002363713115667096521) Importer(815301076,1909f56bfc062723c751e8b465ee728b)  -> (artifact id: '61ab728bd73ff1f8f88709707fa58274') in 0.002011 seconds
Number of updated asset objects reloaded before import = 0
Number of asset objects unloaded after import = 25
========================================================================
Received Import Request.
  Time since last request: 0.004236 seconds.
  path: Assets/LeartesStudios/DarkMedieval/HDRP/Art/Prefabs/SM_Bed_104.prefab
  artifactKey: Guid(abc00000000010538505075543640567) Importer(815301076,1909f56bfc062723c751e8b465ee728b)
Start importing Assets/LeartesStudios/DarkMedieval/HDRP/Art/Prefabs/SM_Bed_104.prefab using Guid(abc00000000010538505075543640567) Importer(815301076,1909f56bfc062723c751e8b465ee728b)  -> (artifact id: '6896a6cddd6d923875dc888c0b142454') in 0.002191 seconds
Number of updated asset objects reloaded before import = 0
Number of asset objects unloaded after import = 28
========================================================================
Received Import Request.
  Time since last request: 0.000010 seconds.
  path: Assets/LeartesStudios/DarkMedieval/HDRP/Art/Prefabs/SM_Book_01_6.prefab
  artifactKey: Guid(abc00000000005908429331327014554) Importer(815301076,1909f56bfc062723c751e8b465ee728b)
Start importing Assets/LeartesStudios/DarkMedieval/HDRP/Art/Prefabs/SM_Book_01_6.prefab using Guid(abc00000000005908429331327014554) Importer(815301076,1909f56bfc062723c751e8b465ee728b)  -> (artifact id: '7e019893f2d5c81c9c26fad0f5060c32') in 0.002403 seconds
Number of updated asset objects reloaded before import = 0
Number of asset objects unloaded after import = 27
========================================================================
Received Import Request.
  Time since last request: 7.527108 seconds.
  path: Assets/LeartesStudios/DarkMedieval/HDRP/Art/Prefabs/SM_Book_04_202.prefab
  artifactKey: Guid(abc00000000001157064884038912865) Importer(815301076,1909f56bfc062723c751e8b465ee728b)
Start importing Assets/LeartesStudios/DarkMedieval/HDRP/Art/Prefabs/SM_Book_04_202.prefab using Guid(abc00000000001157064884038912865) Importer(815301076,1909f56bfc062723c751e8b465ee728b)  -> (artifact id: 'f56528a854b7e7a89ecdba79d60383e7') in 0.001845 seconds
Number of updated asset objects reloaded before import = 0
Number of asset objects unloaded after import = 27
========================================================================
Received Import Request.
  Time since last request: 0.030121 seconds.
  path: Assets/LeartesStudios/DarkMedieval/HDRP/Art/Prefabs/SM_Book_06_235.prefab
  artifactKey: Guid(abc00000000013417385185222110913) Importer(815301076,1909f56bfc062723c751e8b465ee728b)
Start importing Assets/LeartesStudios/DarkMedieval/HDRP/Art/Prefabs/SM_Book_06_235.prefab using Guid(abc00000000013417385185222110913) Importer(815301076,1909f56bfc062723c751e8b465ee728b)  -> (artifact id: '4299dc0f8e4dd0a0220a9a1f00e1d26f') in 0.002308 seconds
Number of updated asset objects reloaded before import = 0
Number of asset objects unloaded after import = 27
========================================================================
Received Import Request.
  Time since last request: 11.807004 seconds.
  path: Assets/LeartesStudios/DarkMedieval/HDRP/Art/Prefabs/SM_Books_02_86.prefab
  artifactKey: Guid(abc00000000002905743380842958618) Importer(815301076,1909f56bfc062723c751e8b465ee728b)
Start importing Assets/LeartesStudios/DarkMedieval/HDRP/Art/Prefabs/SM_Books_02_86.prefab using Guid(abc00000000002905743380842958618) Importer(815301076,1909f56bfc062723c751e8b465ee728b)  -> (artifact id: '21dbc12e4ebf536f15da5c06a71bc907') in 0.001613 seconds
Number of updated asset objects reloaded before import = 0
Number of asset objects unloaded after import = 28
========================================================================
Received Import Request.
  Time since last request: 1.690699 seconds.
  path: Assets/LeartesStudios/DarkMedieval/HDRP/Art/Prefabs/SM_Books_04_92.prefab
  artifactKey: Guid(abc00000000001420081417945428127) Importer(815301076,1909f56bfc062723c751e8b465ee728b)
Start importing Assets/LeartesStudios/DarkMedieval/HDRP/Art/Prefabs/SM_Books_04_92.prefab using Guid(abc00000000001420081417945428127) Importer(815301076,1909f56bfc062723c751e8b465ee728b)  -> (artifact id: 'd79dffa201c7a4de559162f808234019') in 0.001916 seconds
Number of updated asset objects reloaded before import = 0
Number of asset objects unloaded after import = 27
========================================================================
Received Import Request.
  Time since last request: 0.010070 seconds.
  path: Assets/LeartesStudios/DarkMedieval/HDRP/Art/Prefabs/SM_Books_07_156.prefab
  artifactKey: Guid(abc00000000017480797657198933969) Importer(815301076,1909f56bfc062723c751e8b465ee728b)
Start importing Assets/LeartesStudios/DarkMedieval/HDRP/Art/Prefabs/SM_Books_07_156.prefab using Guid(abc00000000017480797657198933969) Importer(815301076,1909f56bfc062723c751e8b465ee728b)  -> (artifact id: '9391a1d30fed54e128029fb30478660a') in 0.002910 seconds
Number of updated asset objects reloaded before import = 0
Number of asset objects unloaded after import = 27
========================================================================
Received Import Request.
  Time since last request: 3.732332 seconds.
  path: Assets/LeartesStudios/DarkMedieval/HDRP/Art/Prefabs/SM_BranchWoodLogs_AB2_39.prefab
  artifactKey: Guid(abc00000000014356180109367081003) Importer(815301076,1909f56bfc062723c751e8b465ee728b)
Start importing Assets/LeartesStudios/DarkMedieval/HDRP/Art/Prefabs/SM_BranchWoodLogs_AB2_39.prefab using Guid(abc00000000014356180109367081003) Importer(815301076,1909f56bfc062723c751e8b465ee728b)  -> (artifact id: '1fe7fea03c52574e638ea33b25447d51') in 0.001827 seconds
Number of updated asset objects reloaded before import = 0
Number of asset objects unloaded after import = 23
========================================================================
Received Import Request.
  Time since last request: 2.380022 seconds.
  path: Assets/LeartesStudios/DarkMedieval/HDRP/Art/Prefabs/SM_Brazier_4.prefab
  artifactKey: Guid(abc00000000004098406462894689864) Importer(815301076,1909f56bfc062723c751e8b465ee728b)
Start importing Assets/LeartesStudios/DarkMedieval/HDRP/Art/Prefabs/SM_Brazier_4.prefab using Guid(abc00000000004098406462894689864) Importer(815301076,1909f56bfc062723c751e8b465ee728b)  -> (artifact id: '345d419ce5aff89b9f18f06f3c3fd5d1') in 0.001934 seconds
Number of updated asset objects reloaded before import = 0
Number of asset objects unloaded after import = 27
========================================================================
Received Import Request.
  Time since last request: 0.023080 seconds.
  path: Assets/LeartesStudios/DarkMedieval/HDRP/Art/Prefabs/SM_Cabinet2.prefab
  artifactKey: Guid(abc00000000008373014549377869184) Importer(815301076,1909f56bfc062723c751e8b465ee728b)
Start importing Assets/LeartesStudios/DarkMedieval/HDRP/Art/Prefabs/SM_Cabinet2.prefab using Guid(abc00000000008373014549377869184) Importer(815301076,1909f56bfc062723c751e8b465ee728b)  -> (artifact id: '0428db615acffd3d0dad3de4d3cf734a') in 0.002838 seconds
Number of updated asset objects reloaded before import = 0
Number of asset objects unloaded after import = 27
========================================================================
Received Import Request.
  Time since last request: 5.015152 seconds.
  path: Assets/LeartesStudios/DarkMedieval/HDRP/Art/Prefabs/SM_Cabinet_Door_02_61.prefab
  artifactKey: Guid(abc00000000010794852826108938126) Importer(815301076,1909f56bfc062723c751e8b465ee728b)
Start importing Assets/LeartesStudios/DarkMedieval/HDRP/Art/Prefabs/SM_Cabinet_Door_02_61.prefab using Guid(abc00000000010794852826108938126) Importer(815301076,1909f56bfc062723c751e8b465ee728b)  -> (artifact id: '27e0733d5bc1e196e91ac7e8fd3952e1') in 0.001637 seconds
Number of updated asset objects reloaded before import = 0
Number of asset objects unloaded after import = 22
========================================================================
Received Import Request.
  Time since last request: 4.036411 seconds.
  path: Assets/LeartesStudios/DarkMedieval/HDRP/Art/Prefabs/SM_Candlestick2_218.prefab
  artifactKey: Guid(abc00000000010421503411475872483) Importer(815301076,1909f56bfc062723c751e8b465ee728b)
Start importing Assets/LeartesStudios/DarkMedieval/HDRP/Art/Prefabs/SM_Candlestick2_218.prefab using Guid(abc00000000010421503411475872483) Importer(815301076,1909f56bfc062723c751e8b465ee728b)  -> (artifact id: '045a79cf178b102a640514ab225fd343') in 0.002451 seconds
Number of updated asset objects reloaded before import = 0
Number of asset objects unloaded after import = 27
========================================================================
Received Import Request.
  Time since last request: 0.042289 seconds.
  path: Assets/LeartesStudios/DarkMedieval/HDRP/Art/Prefabs/SM_CartCloth.prefab
  artifactKey: Guid(fc4d6e823a257c04483d353ee6cb1dd5) Importer(815301076,1909f56bfc062723c751e8b465ee728b)
Start importing Assets/LeartesStudios/DarkMedieval/HDRP/Art/Prefabs/SM_CartCloth.prefab using Guid(fc4d6e823a257c04483d353ee6cb1dd5) Importer(815301076,1909f56bfc062723c751e8b465ee728b)  -> (artifact id: 'c1d39d1bd5b1fe7737251eba24a293d5') in 0.001229 seconds
Number of updated asset objects reloaded before import = 0
Number of asset objects unloaded after import = 11
========================================================================
Received Import Request.
  Time since last request: 4.772127 seconds.
  path: Assets/LeartesStudios/DarkMedieval/HDRP/Art/Prefabs/SM_Chandelier_01_224.prefab
  artifactKey: Guid(abc00000000007476933473768705326) Importer(815301076,1909f56bfc062723c751e8b465ee728b)
Start importing Assets/LeartesStudios/DarkMedieval/HDRP/Art/Prefabs/SM_Chandelier_01_224.prefab using Guid(abc00000000007476933473768705326) Importer(815301076,1909f56bfc062723c751e8b465ee728b)  -> (artifact id: 'e41812b924bd874bf7ded5f72427ab51') in 0.003360 seconds
Number of updated asset objects reloaded before import = 0
Number of asset objects unloaded after import = 62
========================================================================
Received Import Request.
  Time since last request: 0.065934 seconds.
  path: Assets/LeartesStudios/DarkMedieval/HDRP/Art/Prefabs/SM_ChoppingLog_AA_41.prefab
  artifactKey: Guid(abc00000000010590176120767926513) Importer(815301076,1909f56bfc062723c751e8b465ee728b)
Start importing Assets/LeartesStudios/DarkMedieval/HDRP/Art/Prefabs/SM_ChoppingLog_AA_41.prefab using Guid(abc00000000010590176120767926513) Importer(815301076,1909f56bfc062723c751e8b465ee728b)  -> (artifact id: '5ef0146b7d280b0e4f6eb6d0f9b98d70') in 0.001661 seconds
Number of updated asset objects reloaded before import = 0
Number of asset objects unloaded after import = 20
========================================================================
Received Import Request.
  Time since last request: 6.848055 seconds.
  path: Assets/LeartesStudios/DarkMedieval/HDRP/Art/Prefabs/SM_Crate_01_107.prefab
  artifactKey: Guid(abc00000000005043703640320217552) Importer(815301076,1909f56bfc062723c751e8b465ee728b)
Start importing Assets/LeartesStudios/DarkMedieval/HDRP/Art/Prefabs/SM_Crate_01_107.prefab using Guid(abc00000000005043703640320217552) Importer(815301076,1909f56bfc062723c751e8b465ee728b)  -> (artifact id: '1c102ac0689e5ed00183fb03cac79d81') in 0.001775 seconds
Number of updated asset objects reloaded before import = 0
Number of asset objects unloaded after import = 17
========================================================================
Received Import Request.
  Time since last request: 7.817889 seconds.
  path: Assets/LeartesStudios/DarkMedieval/HDRP/Art/Prefabs/SM_DarkMedieval_SET_01_SM_FIREPIT_5.prefab
  artifactKey: Guid(abc00000000013273303153573054901) Importer(815301076,1909f56bfc062723c751e8b465ee728b)
Start importing Assets/LeartesStudios/DarkMedieval/HDRP/Art/Prefabs/SM_DarkMedieval_SET_01_SM_FIREPIT_5.prefab using Guid(abc00000000013273303153573054901) Importer(815301076,1909f56bfc062723c751e8b465ee728b)  -> (artifact id: 'b903c915da531b6738dd4e5867b59486') in 0.001730 seconds
Number of updated asset objects reloaded before import = 0
Number of asset objects unloaded after import = 25
========================================================================
Received Import Request.
  Time since last request: 3.552680 seconds.
  path: Assets/LeartesStudios/DarkMedieval/HDRP/Art/Prefabs/SM_DarkMedieval_SET_01_SM_TORCH2.prefab
  artifactKey: Guid(abc00000000014120700398731878734) Importer(815301076,1909f56bfc062723c751e8b465ee728b)
Start importing Assets/LeartesStudios/DarkMedieval/HDRP/Art/Prefabs/SM_DarkMedieval_SET_01_SM_TORCH2.prefab using Guid(abc00000000014120700398731878734) Importer(815301076,1909f56bfc062723c751e8b465ee728b)  -> (artifact id: '4d254de2ceadc70a8ca6153e166e5c0b') in 0.001997 seconds
Number of updated asset objects reloaded before import = 0
Number of asset objects unloaded after import = 27
========================================================================
Received Import Request.
  Time since last request: 0.048380 seconds.
  path: Assets/LeartesStudios/DarkMedieval/HDRP/Art/Prefabs/SM_DM_Assets_Merged04_28.prefab
  artifactKey: Guid(abc00000000003664393774104506909) Importer(815301076,1909f56bfc062723c751e8b465ee728b)
Start importing Assets/LeartesStudios/DarkMedieval/HDRP/Art/Prefabs/SM_DM_Assets_Merged04_28.prefab using Guid(abc00000000003664393774104506909) Importer(815301076,1909f56bfc062723c751e8b465ee728b)  -> (artifact id: '72418c982e9b7cb2c544a7df40113386') in 0.005367 seconds
Number of updated asset objects reloaded before import = 0
Number of asset objects unloaded after import = 22
========================================================================
Received Import Request.
  Time since last request: 4.251337 seconds.
  path: Assets/LeartesStudios/DarkMedieval/HDRP/Art/Prefabs/SM_DM_Assets_Merged6_212.prefab
  artifactKey: Guid(abc00000000011089500621582977412) Importer(815301076,1909f56bfc062723c751e8b465ee728b)
Start importing Assets/LeartesStudios/DarkMedieval/HDRP/Art/Prefabs/SM_DM_Assets_Merged6_212.prefab using Guid(abc00000000011089500621582977412) Importer(815301076,1909f56bfc062723c751e8b465ee728b)  -> (artifact id: 'e0a1d78f6518bd1669674aa6a5bf201e') in 0.003143 seconds
Number of updated asset objects reloaded before import = 0
Number of asset objects unloaded after import = 22
========================================================================
Received Import Request.
  Time since last request: 7.083903 seconds.
  path: Assets/LeartesStudios/DarkMedieval/HDRP/Art/Prefabs/SM_DM_Assets_Merged09_173.prefab
  artifactKey: Guid(abc00000000009822964041740755807) Importer(815301076,1909f56bfc062723c751e8b465ee728b)
Start importing Assets/LeartesStudios/DarkMedieval/HDRP/Art/Prefabs/SM_DM_Assets_Merged09_173.prefab using Guid(abc00000000009822964041740755807) Importer(815301076,1909f56bfc062723c751e8b465ee728b)  -> (artifact id: '636e28c8474c9a164ec8e51651c422d5') in 0.001855 seconds
Number of updated asset objects reloaded before import = 0
Number of asset objects unloaded after import = 27
========================================================================
Received Import Request.
  Time since last request: 0.290689 seconds.
  path: Assets/LeartesStudios/DarkMedieval/HDRP/Art/Prefabs/SM_DM_Assets_Merged18_229.prefab
  artifactKey: Guid(abc00000000009457996521120094755) Importer(815301076,1909f56bfc062723c751e8b465ee728b)
Start importing Assets/LeartesStudios/DarkMedieval/HDRP/Art/Prefabs/SM_DM_Assets_Merged18_229.prefab using Guid(abc00000000009457996521120094755) Importer(815301076,1909f56bfc062723c751e8b465ee728b)  -> (artifact id: 'c5b49694648b0e1ea9765106440e99c1') in 0.001832 seconds
Number of updated asset objects reloaded before import = 0
Number of asset objects unloaded after import = 27
========================================================================
Received Import Request.
  Time since last request: 5.633597 seconds.
  path: Assets/LeartesStudios/DarkMedieval/HDRP/Art/Prefabs/SM_DM_Assets_Merged27_202.prefab
  artifactKey: Guid(abc00000000010205135914257302688) Importer(815301076,1909f56bfc062723c751e8b465ee728b)
Start importing Assets/LeartesStudios/DarkMedieval/HDRP/Art/Prefabs/SM_DM_Assets_Merged27_202.prefab using Guid(abc00000000010205135914257302688) Importer(815301076,1909f56bfc062723c751e8b465ee728b)  -> (artifact id: 'b66941624f23ea9d19dfd16495e79e08') in 0.006741 seconds
Number of updated asset objects reloaded before import = 0
Number of asset objects unloaded after import = 22
========================================================================
Received Import Request.
  Time since last request: 4.458508 seconds.
  path: Assets/LeartesStudios/DarkMedieval/HDRP/Art/Prefabs/SM_DM_Assets_Merged28_205.prefab
  artifactKey: Guid(abc00000000005078742376244941972) Importer(815301076,1909f56bfc062723c751e8b465ee728b)
Start importing Assets/LeartesStudios/DarkMedieval/HDRP/Art/Prefabs/SM_DM_Assets_Merged28_205.prefab using Guid(abc00000000005078742376244941972) Importer(815301076,1909f56bfc062723c751e8b465ee728b)  -> (artifact id: '6f1ffa7e5873f81a827403fd8e186c90') in 0.002518 seconds
Number of updated asset objects reloaded before import = 0
Number of asset objects unloaded after import = 22
========================================================================
Received Import Request.
  Time since last request: 5.908805 seconds.
  path: Assets/LeartesStudios/DarkMedieval/HDRP/Art/Prefabs/SM_DM_Assets_Merged45_227.prefab
  artifactKey: Guid(abc00000000011788594038282834627) Importer(815301076,1909f56bfc062723c751e8b465ee728b)
Start importing Assets/LeartesStudios/DarkMedieval/HDRP/Art/Prefabs/SM_DM_Assets_Merged45_227.prefab using Guid(abc00000000011788594038282834627) Importer(815301076,1909f56bfc062723c751e8b465ee728b)  -> (artifact id: 'f718ff64109f2ea84e7a942ef67381e9') in 0.002706 seconds
Number of updated asset objects reloaded before import = 0
Number of asset objects unloaded after import = 22
========================================================================
Received Import Request.
  Time since last request: 0.000018 seconds.
  path: Assets/LeartesStudios/DarkMedieval/HDRP/Art/Prefabs/SM_DM_Assets_Merged58_12.prefab
  artifactKey: Guid(abc00000000001723426878914314747) Importer(815301076,1909f56bfc062723c751e8b465ee728b)
Start importing Assets/LeartesStudios/DarkMedieval/HDRP/Art/Prefabs/SM_DM_Assets_Merged58_12.prefab using Guid(abc00000000001723426878914314747) Importer(815301076,1909f56bfc062723c751e8b465ee728b)  -> (artifact id: '347cbbfd31ed58a04801de0da7d60a4d') in 0.002470 seconds
Number of updated asset objects reloaded before import = 0
Number of asset objects unloaded after import = 25
========================================================================
Received Import Request.
  Time since last request: 4.932415 seconds.
  path: Assets/LeartesStudios/DarkMedieval/HDRP/Art/Prefabs/SM_DM_Assets_Merged64_21.prefab
  artifactKey: Guid(abc00000000008326617297870774346) Importer(815301076,1909f56bfc062723c751e8b465ee728b)
Start importing Assets/LeartesStudios/DarkMedieval/HDRP/Art/Prefabs/SM_DM_Assets_Merged64_21.prefab using Guid(abc00000000008326617297870774346) Importer(815301076,1909f56bfc062723c751e8b465ee728b)  -> (artifact id: 'a5df1d381544c4262e438a3688839768') in 0.002850 seconds
Number of updated asset objects reloaded before import = 0
Number of asset objects unloaded after import = 27
========================================================================
Received Import Request.
  Time since last request: 0.047271 seconds.
  path: Assets/LeartesStudios/DarkMedieval/HDRP/Art/Prefabs/SM_DM_Assets_Merged67_23.prefab
  artifactKey: Guid(abc00000000016865081537162507353) Importer(815301076,1909f56bfc062723c751e8b465ee728b)
Start importing Assets/LeartesStudios/DarkMedieval/HDRP/Art/Prefabs/SM_DM_Assets_Merged67_23.prefab using Guid(abc00000000016865081537162507353) Importer(815301076,1909f56bfc062723c751e8b465ee728b)  -> (artifact id: '3d2b244f28a463d071d619403d60d31d') in 0.002474 seconds
Number of updated asset objects reloaded before import = 0
Number of asset objects unloaded after import = 27
========================================================================
Received Import Request.
  Time since last request: 8.491610 seconds.
  path: Assets/LeartesStudios/DarkMedieval/HDRP/Art/Prefabs/SM_DM_Assets_Merged72.prefab
  artifactKey: Guid(abc00000000012500459778295173171) Importer(815301076,1909f56bfc062723c751e8b465ee728b)
Start importing Assets/LeartesStudios/DarkMedieval/HDRP/Art/Prefabs/SM_DM_Assets_Merged72.prefab using Guid(abc00000000012500459778295173171) Importer(815301076,1909f56bfc062723c751e8b465ee728b)  -> (artifact id: 'af9fd72570287a8b8334e1ec5405a40b') in 0.002634 seconds
Number of updated asset objects reloaded before import = 0
Number of asset objects unloaded after import = 22
========================================================================
Received Import Request.
  Time since last request: 0.087654 seconds.
  path: Assets/LeartesStudios/DarkMedieval/HDRP/Art/Prefabs/SM_DM_Assets_Merged83_16.prefab
  artifactKey: Guid(abc00000000001447579536486715683) Importer(815301076,1909f56bfc062723c751e8b465ee728b)
Start importing Assets/LeartesStudios/DarkMedieval/HDRP/Art/Prefabs/SM_DM_Assets_Merged83_16.prefab using Guid(abc00000000001447579536486715683) Importer(815301076,1909f56bfc062723c751e8b465ee728b)  -> (artifact id: 'f54a5467b70b7d194b2d3e94550bc2c7') in 0.003601 seconds
Number of updated asset objects reloaded before import = 0
Number of asset objects unloaded after import = 27
========================================================================
Received Import Request.
  Time since last request: 7.456282 seconds.
  path: Assets/LeartesStudios/DarkMedieval/HDRP/Art/Prefabs/SM_DM_Assets_Merged85_22.prefab
  artifactKey: Guid(abc00000000015728349437505808768) Importer(815301076,1909f56bfc062723c751e8b465ee728b)
Start importing Assets/LeartesStudios/DarkMedieval/HDRP/Art/Prefabs/SM_DM_Assets_Merged85_22.prefab using Guid(abc00000000015728349437505808768) Importer(815301076,1909f56bfc062723c751e8b465ee728b)  -> (artifact id: '50a889564bd2c4376089cc1ec0ae6f91') in 0.004342 seconds
Number of updated asset objects reloaded before import = 0
Number of asset objects unloaded after import = 27
========================================================================
Received Import Request.
  Time since last request: 0.040257 seconds.
  path: Assets/LeartesStudios/DarkMedieval/HDRP/Art/Prefabs/SM_DM_Assets_Merged91_34.prefab
  artifactKey: Guid(abc00000000008200243517192647176) Importer(815301076,1909f56bfc062723c751e8b465ee728b)
Start importing Assets/LeartesStudios/DarkMedieval/HDRP/Art/Prefabs/SM_DM_Assets_Merged91_34.prefab using Guid(abc00000000008200243517192647176) Importer(815301076,1909f56bfc062723c751e8b465ee728b)  -> (artifact id: 'f9073ff27e04f26595f7e5af5693aa9d') in 0.002744 seconds
Number of updated asset objects reloaded before import = 0
Number of asset objects unloaded after import = 27
========================================================================
Received Import Request.
  Time since last request: 4.028255 seconds.
  path: Assets/LeartesStudios/DarkMedieval/HDRP/Art/Prefabs/SM_DM_Assets_Merged99_61.prefab
  artifactKey: Guid(abc00000000010531870806859886570) Importer(815301076,1909f56bfc062723c751e8b465ee728b)
Start importing Assets/LeartesStudios/DarkMedieval/HDRP/Art/Prefabs/SM_DM_Assets_Merged99_61.prefab using Guid(abc00000000010531870806859886570) Importer(815301076,1909f56bfc062723c751e8b465ee728b)  -> (artifact id: 'a0c0633b163b9ea27b0a090a6b28c574') in 0.002505 seconds
Number of updated asset objects reloaded before import = 0
Number of asset objects unloaded after import = 27
========================================================================
Received Import Request.
  Time since last request: 7.581069 seconds.
  path: Assets/LeartesStudios/DarkMedieval/HDRP/Art/Prefabs/SM_DM_Assets_Merged106_88.prefab
  artifactKey: Guid(abc00000000002384315177694909126) Importer(815301076,1909f56bfc062723c751e8b465ee728b)
Start importing Assets/LeartesStudios/DarkMedieval/HDRP/Art/Prefabs/SM_DM_Assets_Merged106_88.prefab using Guid(abc00000000002384315177694909126) Importer(815301076,1909f56bfc062723c751e8b465ee728b)  -> (artifact id: '34e24e2fd28629c8f9d5f18f448c64c0') in 0.002884 seconds
Number of updated asset objects reloaded before import = 0
Number of asset objects unloaded after import = 27
========================================================================
Received Import Request.
  Time since last request: 3.141557 seconds.
  path: Assets/LeartesStudios/DarkMedieval/HDRP/Art/Prefabs/SM_DM_Assets_Merged109_46.prefab
  artifactKey: Guid(abc00000000018415642777485326409) Importer(815301076,1909f56bfc062723c751e8b465ee728b)
Start importing Assets/LeartesStudios/DarkMedieval/HDRP/Art/Prefabs/SM_DM_Assets_Merged109_46.prefab using Guid(abc00000000018415642777485326409) Importer(815301076,1909f56bfc062723c751e8b465ee728b)  -> (artifact id: '560c553ac1994aa120af580cc85d8f96') in 0.005552 seconds
Number of updated asset objects reloaded before import = 0
Number of asset objects unloaded after import = 27
========================================================================
Received Import Request.
  Time since last request: 3.811630 seconds.
  path: Assets/LeartesStudios/DarkMedieval/HDRP/Art/Prefabs/SM_DM_Assets_Merged111_99.prefab
  artifactKey: Guid(abc00000000006140615941514563520) Importer(815301076,1909f56bfc062723c751e8b465ee728b)
Start importing Assets/LeartesStudios/DarkMedieval/HDRP/Art/Prefabs/SM_DM_Assets_Merged111_99.prefab using Guid(abc00000000006140615941514563520) Importer(815301076,1909f56bfc062723c751e8b465ee728b)  -> (artifact id: 'c6a35fbfe99229ee3c3f46d0d0b95a8c') in 0.003247 seconds
Number of updated asset objects reloaded before import = 0
Number of asset objects unloaded after import = 26
========================================================================
Received Import Request.
  Time since last request: 5.596652 seconds.
  path: Assets/LeartesStudios/DarkMedieval/HDRP/Art/Prefabs/SM_DM_Assets_Merged117_5.prefab
  artifactKey: Guid(abc00000000005552305319720823917) Importer(815301076,1909f56bfc062723c751e8b465ee728b)
Start importing Assets/LeartesStudios/DarkMedieval/HDRP/Art/Prefabs/SM_DM_Assets_Merged117_5.prefab using Guid(abc00000000005552305319720823917) Importer(815301076,1909f56bfc062723c751e8b465ee728b)  -> (artifact id: 'f571635316933d8e1b62827dbca8dbac') in 0.005612 seconds
Number of updated asset objects reloaded before import = 0
Number of asset objects unloaded after import = 27
========================================================================
Received Import Request.
  Time since last request: 0.020702 seconds.
  path: Assets/LeartesStudios/DarkMedieval/HDRP/Art/Prefabs/SM_DM_Assets_Merged125_31.prefab
  artifactKey: Guid(abc00000000015620800809452412513) Importer(815301076,1909f56bfc062723c751e8b465ee728b)
Start importing Assets/LeartesStudios/DarkMedieval/HDRP/Art/Prefabs/SM_DM_Assets_Merged125_31.prefab using Guid(abc00000000015620800809452412513) Importer(815301076,1909f56bfc062723c751e8b465ee728b)  -> (artifact id: '8c48fbc001054b139cd8a7fa97267bde') in 0.002544 seconds
Number of updated asset objects reloaded before import = 0
Number of asset objects unloaded after import = 27
