Using pre-set license
Built from '2022.3/staging' branch; Version is '2022.3.7f1 (b16b3b16c7a0) revision 11627323'; Using compiler version '192829333'; Build Type 'Release'
OS: 'Windows 11  (10.0.22631) 64bit Professional' Language: 'it' Physical Memory: 32700 MB
BatchMode: 1, IsHumanControllingUs: 0, StartBugReporterOnCrash: 0, Is64bit: 1, IsPro: 1

COMMAND LINE ARGUMENTS:
G:\UNITY\2022.3.7f1\Editor\Unity.exe
-adb2
-batchMode
-noUpm
-name
AssetImportWorker1
-projectPath
G:/UNITY/Ptumerian_Calice
-logFile
Logs/AssetImportWorker1.log
-srvPort
53480
Successfully changed project path to: G:/UNITY/Ptumerian_Calice
G:/UNITY/Ptumerian_Calice
[UnityMemory] Configuration Parameters - Can be set up in boot.config
    "memorysetup-bucket-allocator-granularity=16"
    "memorysetup-bucket-allocator-bucket-count=8"
    "memorysetup-bucket-allocator-block-size=33554432"
    "memorysetup-bucket-allocator-block-count=8"
    "memorysetup-main-allocator-block-size=16777216"
    "memorysetup-thread-allocator-block-size=16777216"
    "memorysetup-gfx-main-allocator-block-size=16777216"
    "memorysetup-gfx-thread-allocator-block-size=16777216"
    "memorysetup-cache-allocator-block-size=4194304"
    "memorysetup-typetree-allocator-block-size=2097152"
    "memorysetup-profiler-bucket-allocator-granularity=16"
    "memorysetup-profiler-bucket-allocator-bucket-count=8"
    "memorysetup-profiler-bucket-allocator-block-size=33554432"
    "memorysetup-profiler-bucket-allocator-block-count=8"
    "memorysetup-profiler-allocator-block-size=16777216"
    "memorysetup-profiler-editor-allocator-block-size=1048576"
    "memorysetup-temp-allocator-size-main=16777216"
    "memorysetup-job-temp-allocator-block-size=2097152"
    "memorysetup-job-temp-allocator-block-size-background=1048576"
    "memorysetup-job-temp-allocator-reduction-small-platforms=262144"
    "memorysetup-allocator-temp-initial-block-size-main=262144"
    "memorysetup-allocator-temp-initial-block-size-worker=262144"
    "memorysetup-temp-allocator-size-background-worker=32768"
    "memorysetup-temp-allocator-size-job-worker=262144"
    "memorysetup-temp-allocator-size-preload-manager=33554432"
    "memorysetup-temp-allocator-size-nav-mesh-worker=65536"
    "memorysetup-temp-allocator-size-audio-worker=65536"
    "memorysetup-temp-allocator-size-cloud-worker=32768"
    "memorysetup-temp-allocator-size-gi-baking-worker=262144"
    "memorysetup-temp-allocator-size-gfx=262144"
Player connection [12848] Host "[IP] 192.168.1.50 [Port] 0 [Flags] 2 [Guid] 1025842744 [EditorId] 1025842744 [Version] 1048832 [Id] WindowsEditor(7,DESKTOP-UCPSNQ9) [Debug] 1 [PackageName] WindowsEditor [ProjectName] Editor" joined multi-casting on [225.0.0.222:54997]...

Player connection [12848] Host "[IP] 192.168.1.50 [Port] 0 [Flags] 2 [Guid] 1025842744 [EditorId] 1025842744 [Version] 1048832 [Id] WindowsEditor(7,DESKTOP-UCPSNQ9) [Debug] 1 [PackageName] WindowsEditor [ProjectName] Editor" joined alternative multi-casting on [225.0.0.222:34997]...

Refreshing native plugins compatible for Editor in 8.83 ms, found 3 plugins.
Preloading 0 native plugins for Editor in 0.00 ms.
Initialize engine version: 2022.3.7f1 (b16b3b16c7a0)
[Subsystems] Discovering subsystems at path G:/UNITY/2022.3.7f1/Editor/Data/Resources/UnitySubsystems
[Subsystems] Discovering subsystems at path G:/UNITY/Ptumerian_Calice/Assets
GfxDevice: creating device client; threaded=0; jobified=0
Direct3D:
    Version:  Direct3D 11.0 [level 11.1]
    Renderer: NVIDIA GeForce RTX 4080 SUPER (ID=0x2702)
    Vendor:   NVIDIA
    VRAM:     16047 MB
    Driver:   32.0.15.6081
Initialize mono
Mono path[0] = 'G:/UNITY/2022.3.7f1/Editor/Data/Managed'
Mono path[1] = 'G:/UNITY/2022.3.7f1/Editor/Data/MonoBleedingEdge/lib/mono/unityjit-win32'
Mono config path = 'G:/UNITY/2022.3.7f1/Editor/Data/MonoBleedingEdge/etc'
Using monoOptions --debugger-agent=transport=dt_socket,embedding=1,server=y,suspend=n,address=127.0.0.1:56172
Begin MonoManager ReloadAssembly
Registering precompiled unity dll's ...
Register platform support module: G:/UNITY/2022.3.7f1/Editor/Data/PlaybackEngines/AndroidPlayer/UnityEditor.Android.Extensions.dll
Register platform support module: G:/UNITY/2022.3.7f1/Editor/Data/PlaybackEngines/WindowsStandaloneSupport/UnityEditor.WindowsStandalone.Extensions.dll
Registered in 0.005298 seconds.
- Loaded All Assemblies, in  0.404 seconds
Native extension for WindowsStandalone target not found
Native extension for Android target not found
Android Extension - Scanning For ADB Devices 191 ms
Mono: successfully reloaded assembly
- Finished resetting the current domain, in  0.587 seconds
Domain Reload Profiling: 991ms
	BeginReloadAssembly (130ms)
		ExecutionOrderSort (0ms)
		DisableScriptedObjects (0ms)
		BackupInstance (0ms)
		ReleaseScriptingObjects (0ms)
		CreateAndSetChildDomain (1ms)
	RebuildCommonClasses (48ms)
	RebuildNativeTypeToScriptingClass (11ms)
	initialDomainReloadingComplete (49ms)
	LoadAllAssembliesAndSetupDomain (166ms)
		LoadAssemblies (131ms)
		RebuildTransferFunctionScriptingTraits (0ms)
		AnalyzeDomain (163ms)
			TypeCache.Refresh (162ms)
				TypeCache.ScanAssembly (148ms)
			ScanForSourceGeneratedMonoScriptInfo (0ms)
			ResolveRequiredComponents (0ms)
	FinalizeReload (588ms)
		ReleaseScriptCaches (0ms)
		RebuildScriptCaches (0ms)
		SetupLoadedEditorAssemblies (528ms)
			LogAssemblyErrors (0ms)
			InitializePlatformSupportModulesInManaged (302ms)
			SetLoadedEditorAssemblies (3ms)
			RefreshPlugins (0ms)
			BeforeProcessingInitializeOnLoad (2ms)
			ProcessInitializeOnLoadAttributes (165ms)
			ProcessInitializeOnLoadMethodAttributes (56ms)
			AfterProcessingInitializeOnLoad (0ms)
			EditorAssembliesLoaded (0ms)
		ExecutionOrderSort2 (0ms)
		AwakeInstancesAfterBackupRestoration (0ms)
========================================================================
Worker process is ready to serve import requests
Begin MonoManager ReloadAssembly
Symbol file LoadedFromMemory doesn't match image G:\UNITY\Ptumerian_Calice\Library\PackageCache\com.unity.visualscripting@1.8.0\Editor\VisualScripting.Core\Dependencies\YamlDotNet\Unity.VisualScripting.YamlDotNet.dll
Symbol file LoadedFromMemory doesn't match image G:\UNITY\Ptumerian_Calice\Library\PackageCache\com.unity.visualscripting@1.8.0\Editor\VisualScripting.Core\Dependencies\DotNetZip\Unity.VisualScripting.IonicZip.dll
- Loaded All Assemblies, in  0.858 seconds
Refreshing native plugins compatible for Editor in 2.84 ms, found 3 plugins.
Native extension for WindowsStandalone target not found
Native extension for Android target not found
Package Manager log level set to [2]
[Package Manager] Server::EnsureServerProcessIsRunning -- launch failed, reason: Unity was launched with the -noUpm command-line argument
[Package Manager] UpmClient::Send -- Unable to send message (not connected to UPM process).
[Package Manager] Cannot connect to Unity Package Manager local server
Mono: successfully reloaded assembly
- Finished resetting the current domain, in  1.028 seconds
Domain Reload Profiling: 1886ms
	BeginReloadAssembly (160ms)
		ExecutionOrderSort (0ms)
		DisableScriptedObjects (5ms)
		BackupInstance (0ms)
		ReleaseScriptingObjects (0ms)
		CreateAndSetChildDomain (22ms)
	RebuildCommonClasses (34ms)
	RebuildNativeTypeToScriptingClass (10ms)
	initialDomainReloadingComplete (36ms)
	LoadAllAssembliesAndSetupDomain (617ms)
		LoadAssemblies (369ms)
		RebuildTransferFunctionScriptingTraits (0ms)
		AnalyzeDomain (343ms)
			TypeCache.Refresh (286ms)
				TypeCache.ScanAssembly (262ms)
			ScanForSourceGeneratedMonoScriptInfo (30ms)
			ResolveRequiredComponents (25ms)
	FinalizeReload (1029ms)
		ReleaseScriptCaches (0ms)
		RebuildScriptCaches (0ms)
		SetupLoadedEditorAssemblies (802ms)
			LogAssemblyErrors (0ms)
			InitializePlatformSupportModulesInManaged (19ms)
			SetLoadedEditorAssemblies (3ms)
			RefreshPlugins (0ms)
			BeforeProcessingInitializeOnLoad (71ms)
			ProcessInitializeOnLoadAttributes (503ms)
			ProcessInitializeOnLoadMethodAttributes (204ms)
			AfterProcessingInitializeOnLoad (2ms)
			EditorAssembliesLoaded (0ms)
		ExecutionOrderSort2 (0ms)
		AwakeInstancesAfterBackupRestoration (5ms)
Launched and connected shader compiler UnityShaderCompiler.exe after 0.04 seconds
Refreshing native plugins compatible for Editor in 3.32 ms, found 3 plugins.
Preloading 0 native plugins for Editor in 0.00 ms.
Unloading 7297 Unused Serialized files (Serialized files now loaded: 0)
Unloading 144 unused Assets / (6.1 MB). Loaded Objects now: 7770.
Memory consumption went from 495.7 MB to 489.6 MB.
Total: 6.752700 ms (FindLiveObjects: 0.656200 ms CreateObjectMapping: 0.859300 ms MarkObjects: 3.349800 ms  DeleteObjects: 1.886500 ms)

AssetImportParameters requested are different than current active one (requested -> active):
  custom:container-demuxer-ogg: 62fdf1f143b41e24485cea50d1cbac27 -> 
  custom:framework-win-MediaFoundation: 216162199b28c13a410421893ffa2e32 -> 
  custom:container-muxer-webm: aa71ff27fc2769a1b78a27578f13a17b -> 
  custom:video-decoder-webm-vp8: 9c59270c3fd7afecdb556c50c9e8de78 -> 
  custom:SearchIndexIgnoredProperties: e643bd26f0fe6173181afceb89e7c659 -> 
  custom:AudioImporter_EditorPlatform: d09bf68614088b80899f8185d706f6e7 -> 
  custom:audio-decoder-ogg-vorbis: bf7c407c2cedff20999df2af8eb42d56 -> 
  custom:audio-encoder-webm-vorbis: bf7c407c2cedff20999df2af8eb42d56 -> 
  custom:video-codec-MediaFoundation-h265: 746d11721c4dcdbdad8f713fa42b33f4 -> 
  custom:video-decoder-ogg-theora: a1e56fd34408186e4bbccfd4996cb3dc -> 
  custom:CustomObjectIndexerAttribute: a3ef5dd2817f97addfee359851a9dba5 -> 
  custom:container-demuxer-webm: 4f35f7cbe854078d1ac9338744f61a02 -> 
  custom:video-encoder-webm-vp8: eb34c28f22e8b96e1ab97ce403110664 -> 
========================================================================
Received Import Request.
  Time since last request: 582990.831366 seconds.
  path: Assets/LeartesStudios/DarkMedieval/HDRP/Art/Meshes/SK_DoctorV01_Posed02_Anim.FBX
  artifactKey: Guid(2c0901cac1cf55d4cbca31aa309e30c4) Importer(815301076,1909f56bfc062723c751e8b465ee728b)
Start importing Assets/LeartesStudios/DarkMedieval/HDRP/Art/Meshes/SK_DoctorV01_Posed02_Anim.FBX using Guid(2c0901cac1cf55d4cbca31aa309e30c4) Importer(815301076,1909f56bfc062723c751e8b465ee728b)  -> (artifact id: '3d315259e1c8c8b9a47095a12d572d67') in 0.021624 seconds
Number of updated asset objects reloaded before import = 0
Number of asset objects unloaded after import = 156
========================================================================
Received Import Request.
  Time since last request: 0.000015 seconds.
  path: Assets/LeartesStudios/DarkMedieval/HDRP/Art/Meshes/SK_HorseAnimated_Anim - Copy.FBX
  artifactKey: Guid(e4325761236328545800e15e5285c3b2) Importer(815301076,1909f56bfc062723c751e8b465ee728b)
Start importing Assets/LeartesStudios/DarkMedieval/HDRP/Art/Meshes/SK_HorseAnimated_Anim - Copy.FBX using Guid(e4325761236328545800e15e5285c3b2) Importer(815301076,1909f56bfc062723c751e8b465ee728b)  -> (artifact id: '437ab43a1cb16433f7be16b6f98073ef') in 0.003443 seconds
Number of updated asset objects reloaded before import = 0
Number of asset objects unloaded after import = 100
========================================================================
Received Import Request.
  Time since last request: 0.000020 seconds.
  path: Assets/LeartesStudios/DarkMedieval/HDRP/Art/Meshes/SK_DoctorV02_withoutmask_Posed02_Anim.FBX
  artifactKey: Guid(8b91cc436d2eeca4dbd0e11ccdf3ad1e) Importer(815301076,1909f56bfc062723c751e8b465ee728b)
Start importing Assets/LeartesStudios/DarkMedieval/HDRP/Art/Meshes/SK_DoctorV02_withoutmask_Posed02_Anim.FBX using Guid(8b91cc436d2eeca4dbd0e11ccdf3ad1e) Importer(815301076,1909f56bfc062723c751e8b465ee728b)  -> (artifact id: '0e56760777d2619ef184434b9cc8b06d') in 0.004953 seconds
Number of updated asset objects reloaded before import = 0
Number of asset objects unloaded after import = 188
========================================================================
Received Import Request.
  Time since last request: 0.000010 seconds.
  path: Assets/LeartesStudios/DarkMedieval/HDRP/Art/Meshes/SM_B01_Column03.FBX
  artifactKey: Guid(07f4d9189aa627a4588cc3f729816be3) Importer(815301076,1909f56bfc062723c751e8b465ee728b)
Start importing Assets/LeartesStudios/DarkMedieval/HDRP/Art/Meshes/SM_B01_Column03.FBX using Guid(07f4d9189aa627a4588cc3f729816be3) Importer(815301076,1909f56bfc062723c751e8b465ee728b)  -> (artifact id: '8dda5824ae31a31363092ec87d072494') in 0.001985 seconds
Number of updated asset objects reloaded before import = 0
Number of asset objects unloaded after import = 14
========================================================================
Received Import Request.
  Time since last request: 0.000010 seconds.
  path: Assets/LeartesStudios/DarkMedieval/HDRP/Art/Meshes/SK_DoctorV02_withmask_Posed01_Anim.FBX
  artifactKey: Guid(b708c67c104290c4fb15e5b06025d99c) Importer(815301076,1909f56bfc062723c751e8b465ee728b)
Start importing Assets/LeartesStudios/DarkMedieval/HDRP/Art/Meshes/SK_DoctorV02_withmask_Posed01_Anim.FBX using Guid(b708c67c104290c4fb15e5b06025d99c) Importer(815301076,1909f56bfc062723c751e8b465ee728b)  -> (artifact id: 'c8213f7664f458f8f493c997ce0f15b4') in 0.005621 seconds
Number of updated asset objects reloaded before import = 0
Number of asset objects unloaded after import = 163
========================================================================
Received Import Request.
  Time since last request: 0.000011 seconds.
  path: Assets/LeartesStudios/DarkMedieval/HDRP/Art/Meshes/SK_MalePeasant.FBX
  artifactKey: Guid(7cff6bb94535e4a469802e6ad2daee6d) Importer(815301076,1909f56bfc062723c751e8b465ee728b)
Start importing Assets/LeartesStudios/DarkMedieval/HDRP/Art/Meshes/SK_MalePeasant.FBX using Guid(7cff6bb94535e4a469802e6ad2daee6d) Importer(815301076,1909f56bfc062723c751e8b465ee728b)  -> (artifact id: 'dd1efab34b20ffc3db250ea227fcc75e') in 0.004747 seconds
Number of updated asset objects reloaded before import = 0
Number of asset objects unloaded after import = 203
========================================================================
Received Import Request.
  Time since last request: 0.000010 seconds.
  path: Assets/LeartesStudios/DarkMedieval/HDRP/Art/Meshes/SK_HorsewithSaddle02 - Copy.FBX
  artifactKey: Guid(94ee6436530e5c344948a239ce402bb7) Importer(815301076,1909f56bfc062723c751e8b465ee728b)
Start importing Assets/LeartesStudios/DarkMedieval/HDRP/Art/Meshes/SK_HorsewithSaddle02 - Copy.FBX using Guid(94ee6436530e5c344948a239ce402bb7) Importer(815301076,1909f56bfc062723c751e8b465ee728b)  -> (artifact id: '85d663ee128b810f399babc380a2d774') in 0.013029 seconds
Number of updated asset objects reloaded before import = 0
Number of asset objects unloaded after import = 121
========================================================================
Received Import Request.
  Time since last request: 0.000012 seconds.
  path: Assets/LeartesStudios/DarkMedieval/HDRP/Art/Meshes/SM_B01_DoorW_300x300_V01.FBX
  artifactKey: Guid(b0e73b7fe1976994396c04bcc9d747fb) Importer(815301076,1909f56bfc062723c751e8b465ee728b)
Start importing Assets/LeartesStudios/DarkMedieval/HDRP/Art/Meshes/SM_B01_DoorW_300x300_V01.FBX using Guid(b0e73b7fe1976994396c04bcc9d747fb) Importer(815301076,1909f56bfc062723c751e8b465ee728b)  -> (artifact id: 'd828e6fc8b49fc5fc4cab7f98aed14cf') in 0.002940 seconds
Number of updated asset objects reloaded before import = 0
Number of asset objects unloaded after import = 16
========================================================================
Received Import Request.
  Time since last request: 0.000026 seconds.
  path: Assets/LeartesStudios/DarkMedieval/HDRP/Art/Meshes/SK_MalePeasant_Posed06_Anim.fbx
  artifactKey: Guid(63097ca0a6047a64180ddd5fd60f231f) Importer(815301076,1909f56bfc062723c751e8b465ee728b)
Start importing Assets/LeartesStudios/DarkMedieval/HDRP/Art/Meshes/SK_MalePeasant_Posed06_Anim.fbx using Guid(63097ca0a6047a64180ddd5fd60f231f) Importer(815301076,1909f56bfc062723c751e8b465ee728b)  -> (artifact id: '4411e787c243e1f50b438ab8ba099972') in 0.004386 seconds
Number of updated asset objects reloaded before import = 0
Number of asset objects unloaded after import = 200
========================================================================
Received Import Request.
  Time since last request: 15.962909 seconds.
  path: Assets/LeartesStudios/DarkMedieval/HDRP/Art/Prefabs/FlyParticleSystemParent.prefab
  artifactKey: Guid(6c029fa10b99e684ebed3a30b7fa7895) Importer(815301076,1909f56bfc062723c751e8b465ee728b)
Start importing Assets/LeartesStudios/DarkMedieval/HDRP/Art/Prefabs/FlyParticleSystemParent.prefab using Guid(6c029fa10b99e684ebed3a30b7fa7895) Importer(815301076,1909f56bfc062723c751e8b465ee728b)  -> (artifact id: 'ed42cc743071bc50fe0fee28a5d93b8e') in 0.003325 seconds
Number of updated asset objects reloaded before import = 0
Number of asset objects unloaded after import = 7
========================================================================
Received Import Request.
  Time since last request: 0.000013 seconds.
  path: Assets/LeartesStudios/DarkMedieval/HDRP/Art/Prefabs/SK_DoctorV02_withoutmask_Posed02_Anim.prefab
  artifactKey: Guid(9de1d32cd34eae54caec3480c181c568) Importer(815301076,1909f56bfc062723c751e8b465ee728b)
Start importing Assets/LeartesStudios/DarkMedieval/HDRP/Art/Prefabs/SK_DoctorV02_withoutmask_Posed02_Anim.prefab using Guid(9de1d32cd34eae54caec3480c181c568) Importer(815301076,1909f56bfc062723c751e8b465ee728b)  -> (artifact id: 'd8d08f0060f0e1c3afa39bc66405e9d7') in 0.002832 seconds
Number of updated asset objects reloaded before import = 0
Number of asset objects unloaded after import = 182
========================================================================
Received Import Request.
  Time since last request: 0.000013 seconds.
  path: Assets/LeartesStudios/DarkMedieval/HDRP/Art/Prefabs/PF_FemalePeasant.prefab
  artifactKey: Guid(026d9e6a2043558409dc4bc0d7c1a25f) Importer(815301076,1909f56bfc062723c751e8b465ee728b)
Start importing Assets/LeartesStudios/DarkMedieval/HDRP/Art/Prefabs/PF_FemalePeasant.prefab using Guid(026d9e6a2043558409dc4bc0d7c1a25f) Importer(815301076,1909f56bfc062723c751e8b465ee728b)  -> (artifact id: 'ee99ec3997996868afc34cc75a9d9f05') in 0.003839 seconds
Number of updated asset objects reloaded before import = 0
Number of asset objects unloaded after import = 180
========================================================================
Received Import Request.
  Time since last request: 0.000017 seconds.
  path: Assets/LeartesStudios/DarkMedieval/HDRP/Art/Prefabs/SK_DoctorV02_withmask_Posed02_Anim.prefab
  artifactKey: Guid(adb7e19ed1765914abe50b12d10110c3) Importer(815301076,1909f56bfc062723c751e8b465ee728b)
Start importing Assets/LeartesStudios/DarkMedieval/HDRP/Art/Prefabs/SK_DoctorV02_withmask_Posed02_Anim.prefab using Guid(adb7e19ed1765914abe50b12d10110c3) Importer(815301076,1909f56bfc062723c751e8b465ee728b)  -> (artifact id: 'ca075a2869fab384239fb65d4402541d') in 0.003016 seconds
Number of updated asset objects reloaded before import = 0
Number of asset objects unloaded after import = 154
========================================================================
Received Import Request.
  Time since last request: 0.000012 seconds.
  path: Assets/LeartesStudios/DarkMedieval/HDRP/Art/Prefabs/SK_DoctorV02_withoutmask_Posed03_Anim.prefab
  artifactKey: Guid(4d5e4f525cff07b4692f518e3f214d0f) Importer(815301076,1909f56bfc062723c751e8b465ee728b)
Start importing Assets/LeartesStudios/DarkMedieval/HDRP/Art/Prefabs/SK_DoctorV02_withoutmask_Posed03_Anim.prefab using Guid(4d5e4f525cff07b4692f518e3f214d0f) Importer(815301076,1909f56bfc062723c751e8b465ee728b)  -> (artifact id: '701454a8e0d3f7bcee26078c909755ff') in 0.003151 seconds
Number of updated asset objects reloaded before import = 0
Number of asset objects unloaded after import = 182
========================================================================
Received Import Request.
  Time since last request: 0.000013 seconds.
  path: Assets/LeartesStudios/DarkMedieval/HDRP/Art/Prefabs/SK_DoctorV01_Posed02_Anim.prefab
  artifactKey: Guid(5c41162d94ce89f4eb4dfdd7923f40d1) Importer(815301076,1909f56bfc062723c751e8b465ee728b)
Start importing Assets/LeartesStudios/DarkMedieval/HDRP/Art/Prefabs/SK_DoctorV01_Posed02_Anim.prefab using Guid(5c41162d94ce89f4eb4dfdd7923f40d1) Importer(815301076,1909f56bfc062723c751e8b465ee728b)  -> (artifact id: '23ab30a1b086979f188cdcb991d4b6ca') in 0.003749 seconds
Number of updated asset objects reloaded before import = 0
Number of asset objects unloaded after import = 146
========================================================================
Received Import Request.
  Time since last request: 0.000014 seconds.
  path: Assets/LeartesStudios/DarkMedieval/HDRP/Art/Prefabs/SK_DoctorV01_Posed01_Anim.prefab
  artifactKey: Guid(50da3acbfd81c3e40afc1b7b0a7ba0a7) Importer(815301076,1909f56bfc062723c751e8b465ee728b)
Start importing Assets/LeartesStudios/DarkMedieval/HDRP/Art/Prefabs/SK_DoctorV01_Posed01_Anim.prefab using Guid(50da3acbfd81c3e40afc1b7b0a7ba0a7) Importer(815301076,1909f56bfc062723c751e8b465ee728b)  -> (artifact id: '6eed864333e4b33072f16babe3b5c2c7') in 0.003953 seconds
Number of updated asset objects reloaded before import = 0
Number of asset objects unloaded after import = 146
========================================================================
Received Import Request.
  Time since last request: 0.000013 seconds.
  path: Assets/LeartesStudios/DarkMedieval/HDRP/Art/Prefabs/Ropes_SM_Rope12_10.prefab
  artifactKey: Guid(abc00000000006584112738873693947) Importer(815301076,1909f56bfc062723c751e8b465ee728b)
Start importing Assets/LeartesStudios/DarkMedieval/HDRP/Art/Prefabs/Ropes_SM_Rope12_10.prefab using Guid(abc00000000006584112738873693947) Importer(815301076,1909f56bfc062723c751e8b465ee728b)  -> (artifact id: '28eb8a8b118027b1ee92717a70bf83b8') in 0.002226 seconds
Number of updated asset objects reloaded before import = 0
Number of asset objects unloaded after import = 11
========================================================================
Received Import Request.
  Time since last request: 0.000016 seconds.
  path: Assets/LeartesStudios/DarkMedieval/HDRP/Art/Prefabs/Ropes_SM_Rope2_2.prefab
  artifactKey: Guid(abc00000000017968892802979930877) Importer(815301076,1909f56bfc062723c751e8b465ee728b)
Start importing Assets/LeartesStudios/DarkMedieval/HDRP/Art/Prefabs/Ropes_SM_Rope2_2.prefab using Guid(abc00000000017968892802979930877) Importer(815301076,1909f56bfc062723c751e8b465ee728b)  -> (artifact id: 'a9d1b15c06a51851f57d529288da5039') in 0.001479 seconds
Number of updated asset objects reloaded before import = 0
Number of asset objects unloaded after import = 11
========================================================================
Received Import Request.
  Time since last request: 65.956739 seconds.
  path: Assets/LeartesStudios/DarkMedieval/HDRP/Art/Prefabs/SK_HorseAnimated_Anim.prefab
  artifactKey: Guid(79fcc84c718086c448aea33eeaff3177) Importer(815301076,1909f56bfc062723c751e8b465ee728b)
Start importing Assets/LeartesStudios/DarkMedieval/HDRP/Art/Prefabs/SK_HorseAnimated_Anim.prefab using Guid(79fcc84c718086c448aea33eeaff3177) Importer(815301076,1909f56bfc062723c751e8b465ee728b)  -> (artifact id: '6d8ea611214da3ac61953d2a78eb9781') in 0.002350 seconds
Number of updated asset objects reloaded before import = 0
Number of asset objects unloaded after import = 105
========================================================================
Received Import Request.
  Time since last request: 6.599477 seconds.
  path: Assets/LeartesStudios/DarkMedieval/HDRP/Art/Prefabs/SK_MalePeasant_Posed06_Anim.prefab
  artifactKey: Guid(12c6ae766b3ef2c498b04d40217729c9) Importer(815301076,1909f56bfc062723c751e8b465ee728b)
Start importing Assets/LeartesStudios/DarkMedieval/HDRP/Art/Prefabs/SK_MalePeasant_Posed06_Anim.prefab using Guid(12c6ae766b3ef2c498b04d40217729c9) Importer(815301076,1909f56bfc062723c751e8b465ee728b)  -> (artifact id: '9b87e7c33b1310eee23ad35cd9b04a06') in 0.003010 seconds
Number of updated asset objects reloaded before import = 0
Number of asset objects unloaded after import = 196
========================================================================
Received Import Request.
  Time since last request: 0.028556 seconds.
  path: Assets/LeartesStudios/DarkMedieval/HDRP/Art/Prefabs/SK_Rat_Anim_Anim.prefab
  artifactKey: Guid(0f7c78fc4d58a1242afec33500bd7e33) Importer(815301076,1909f56bfc062723c751e8b465ee728b)
Start importing Assets/LeartesStudios/DarkMedieval/HDRP/Art/Prefabs/SK_Rat_Anim_Anim.prefab using Guid(0f7c78fc4d58a1242afec33500bd7e33) Importer(815301076,1909f56bfc062723c751e8b465ee728b)  -> (artifact id: '43aac3e806ec50d0c9fbc795a7b4846f') in 0.003183 seconds
Number of updated asset objects reloaded before import = 0
Number of asset objects unloaded after import = 81
========================================================================
Received Import Request.
  Time since last request: 8.169343 seconds.
  path: Assets/LeartesStudios/DarkMedieval/HDRP/Art/Prefabs/SM+Roof8.prefab
  artifactKey: Guid(abc00000000003859133666962878076) Importer(815301076,1909f56bfc062723c751e8b465ee728b)
Start importing Assets/LeartesStudios/DarkMedieval/HDRP/Art/Prefabs/SM+Roof8.prefab using Guid(abc00000000003859133666962878076) Importer(815301076,1909f56bfc062723c751e8b465ee728b)  -> (artifact id: 'fe333c1bc69710ad56a4a1d8f1ab498e') in 0.001373 seconds
Number of updated asset objects reloaded before import = 0
Number of asset objects unloaded after import = 10
========================================================================
Received Import Request.
  Time since last request: 5.824532 seconds.
  path: Assets/LeartesStudios/DarkMedieval/HDRP/Art/Prefabs/SM+Roof21 (1).prefab
  artifactKey: Guid(59ecf046feffa8a4d8e4155c410764b7) Importer(815301076,1909f56bfc062723c751e8b465ee728b)
Start importing Assets/LeartesStudios/DarkMedieval/HDRP/Art/Prefabs/SM+Roof21 (1).prefab using Guid(59ecf046feffa8a4d8e4155c410764b7) Importer(815301076,1909f56bfc062723c751e8b465ee728b)  -> (artifact id: '64c619247254b012b19a5fe3e5d3c7ca') in 0.001396 seconds
Number of updated asset objects reloaded before import = 0
Number of asset objects unloaded after import = 11
========================================================================
Received Import Request.
  Time since last request: 0.957171 seconds.
  path: Assets/LeartesStudios/DarkMedieval/HDRP/Art/Prefabs/SM+Roof28.prefab
  artifactKey: Guid(abc00000000014386876467412420658) Importer(815301076,1909f56bfc062723c751e8b465ee728b)
Start importing Assets/LeartesStudios/DarkMedieval/HDRP/Art/Prefabs/SM+Roof28.prefab using Guid(abc00000000014386876467412420658) Importer(815301076,1909f56bfc062723c751e8b465ee728b)  -> (artifact id: 'fc9ed80f7f98670863d0c6a4e6b6264d') in 0.001373 seconds
Number of updated asset objects reloaded before import = 0
Number of asset objects unloaded after import = 11
========================================================================
Received Import Request.
  Time since last request: 37.328333 seconds.
  path: Assets/LeartesStudios/DarkMedieval/HDRP/Art/Prefabs/SM_B01_Column03_76.prefab
  artifactKey: Guid(abc00000000012737620554314080559) Importer(815301076,1909f56bfc062723c751e8b465ee728b)
Start importing Assets/LeartesStudios/DarkMedieval/HDRP/Art/Prefabs/SM_B01_Column03_76.prefab using Guid(abc00000000012737620554314080559) Importer(815301076,1909f56bfc062723c751e8b465ee728b)  -> (artifact id: 'ef4c113d317df2d4d58ee134b45972ae') in 0.001592 seconds
Number of updated asset objects reloaded before import = 0
Number of asset objects unloaded after import = 11
========================================================================
Received Import Request.
  Time since last request: 9.174447 seconds.
  path: Assets/LeartesStudios/DarkMedieval/HDRP/Art/Prefabs/SM_B01_Wall_300x150_V01_2.prefab
  artifactKey: Guid(abc00000000004861803372514340001) Importer(815301076,1909f56bfc062723c751e8b465ee728b)
Start importing Assets/LeartesStudios/DarkMedieval/HDRP/Art/Prefabs/SM_B01_Wall_300x150_V01_2.prefab using Guid(abc00000000004861803372514340001) Importer(815301076,1909f56bfc062723c751e8b465ee728b)  -> (artifact id: '1c0dbbf7f02b36b8af9b4cc4129f7ef5') in 0.002048 seconds
Number of updated asset objects reloaded before import = 0
Number of asset objects unloaded after import = 11
========================================================================
Received Import Request.
  Time since last request: 9.001044 seconds.
  path: Assets/LeartesStudios/DarkMedieval/HDRP/Art/Prefabs/SM_B01_Wall_300x150_V03.prefab
  artifactKey: Guid(abc00000000016326001330058170665) Importer(815301076,1909f56bfc062723c751e8b465ee728b)
Start importing Assets/LeartesStudios/DarkMedieval/HDRP/Art/Prefabs/SM_B01_Wall_300x150_V03.prefab using Guid(abc00000000016326001330058170665) Importer(815301076,1909f56bfc062723c751e8b465ee728b)  -> (artifact id: '10ddd48ad03ccdc8a9bbef325d847f81') in 0.001724 seconds
Number of updated asset objects reloaded before import = 0
Number of asset objects unloaded after import = 10
========================================================================
Received Import Request.
  Time since last request: 5.152191 seconds.
  path: Assets/LeartesStudios/DarkMedieval/HDRP/Art/Prefabs/SM_B01_Wall_300x150_V5.prefab
  artifactKey: Guid(abc00000000008710534478422029644) Importer(815301076,1909f56bfc062723c751e8b465ee728b)
Start importing Assets/LeartesStudios/DarkMedieval/HDRP/Art/Prefabs/SM_B01_Wall_300x150_V5.prefab using Guid(abc00000000008710534478422029644) Importer(815301076,1909f56bfc062723c751e8b465ee728b)  -> (artifact id: '9eff0c436762ed59814e75f20ed7fd82') in 0.001631 seconds
Number of updated asset objects reloaded before import = 0
Number of asset objects unloaded after import = 11
========================================================================
Received Import Request.
  Time since last request: 12.353590 seconds.
  path: Assets/LeartesStudios/DarkMedieval/HDRP/Art/Prefabs/SM_B01_Wall_300x150_V7.prefab
  artifactKey: Guid(abc00000000006068442507078142478) Importer(815301076,1909f56bfc062723c751e8b465ee728b)
Start importing Assets/LeartesStudios/DarkMedieval/HDRP/Art/Prefabs/SM_B01_Wall_300x150_V7.prefab using Guid(abc00000000006068442507078142478) Importer(815301076,1909f56bfc062723c751e8b465ee728b)  -> (artifact id: '4b54919ed4cd7f156f5c6316140ab671') in 0.001817 seconds
Number of updated asset objects reloaded before import = 0
Number of asset objects unloaded after import = 11
========================================================================
Received Import Request.
  Time since last request: 3.573851 seconds.
  path: Assets/LeartesStudios/DarkMedieval/HDRP/Art/Prefabs/SM_B01_Wall_300x150_V15.prefab
  artifactKey: Guid(abc00000000013377507088430831733) Importer(815301076,1909f56bfc062723c751e8b465ee728b)
Start importing Assets/LeartesStudios/DarkMedieval/HDRP/Art/Prefabs/SM_B01_Wall_300x150_V15.prefab using Guid(abc00000000013377507088430831733) Importer(815301076,1909f56bfc062723c751e8b465ee728b)  -> (artifact id: '986408035936b741b29323960e81c64a') in 0.001792 seconds
Number of updated asset objects reloaded before import = 0
Number of asset objects unloaded after import = 12
========================================================================
Received Import Request.
  Time since last request: 0.043259 seconds.
  path: Assets/LeartesStudios/DarkMedieval/HDRP/Art/Prefabs/SM_B01_Wall_300x150_V25.prefab
  artifactKey: Guid(abc00000000006068399788317485940) Importer(815301076,1909f56bfc062723c751e8b465ee728b)
Start importing Assets/LeartesStudios/DarkMedieval/HDRP/Art/Prefabs/SM_B01_Wall_300x150_V25.prefab using Guid(abc00000000006068399788317485940) Importer(815301076,1909f56bfc062723c751e8b465ee728b)  -> (artifact id: '67c3e88e29015967aa04963e9fcf2684') in 0.001488 seconds
Number of updated asset objects reloaded before import = 0
Number of asset objects unloaded after import = 11
========================================================================
Received Import Request.
  Time since last request: 0.390791 seconds.
  path: Assets/LeartesStudios/DarkMedieval/HDRP/Art/Prefabs/SM_B01_Wall_300x150_V32.prefab
  artifactKey: Guid(abc00000000001021764988118257804) Importer(815301076,1909f56bfc062723c751e8b465ee728b)
Start importing Assets/LeartesStudios/DarkMedieval/HDRP/Art/Prefabs/SM_B01_Wall_300x150_V32.prefab using Guid(abc00000000001021764988118257804) Importer(815301076,1909f56bfc062723c751e8b465ee728b)  -> (artifact id: 'ba484e511c25a925e6dbff661ee40ae4') in 0.002016 seconds
Number of updated asset objects reloaded before import = 0
Number of asset objects unloaded after import = 12
========================================================================
Received Import Request.
  Time since last request: 7.903191 seconds.
  path: Assets/LeartesStudios/DarkMedieval/HDRP/Art/Prefabs/SM_B01_Wall_300x150_V35_55.prefab
  artifactKey: Guid(abc00000000011933354645418698832) Importer(815301076,1909f56bfc062723c751e8b465ee728b)
Start importing Assets/LeartesStudios/DarkMedieval/HDRP/Art/Prefabs/SM_B01_Wall_300x150_V35_55.prefab using Guid(abc00000000011933354645418698832) Importer(815301076,1909f56bfc062723c751e8b465ee728b)  -> (artifact id: '836de39a0f8e80d5dd11edeac6b68544') in 0.001558 seconds
Number of updated asset objects reloaded before import = 0
Number of asset objects unloaded after import = 12
========================================================================
Received Import Request.
  Time since last request: 0.229000 seconds.
  path: Assets/LeartesStudios/DarkMedieval/HDRP/Art/Prefabs/SM_B01_Wall_300x150_V40.prefab
  artifactKey: Guid(abc00000000003668409712641278191) Importer(815301076,1909f56bfc062723c751e8b465ee728b)
Start importing Assets/LeartesStudios/DarkMedieval/HDRP/Art/Prefabs/SM_B01_Wall_300x150_V40.prefab using Guid(abc00000000003668409712641278191) Importer(815301076,1909f56bfc062723c751e8b465ee728b)  -> (artifact id: '7a3b881de38f717ca8c3dd5c98a9b18c') in 0.001742 seconds
Number of updated asset objects reloaded before import = 0
Number of asset objects unloaded after import = 12
========================================================================
Received Import Request.
  Time since last request: 2.200550 seconds.
  path: Assets/LeartesStudios/DarkMedieval/HDRP/Art/Prefabs/SM_B01_Wall_300x150_V42_90.prefab
  artifactKey: Guid(abc00000000011596004550110011051) Importer(815301076,1909f56bfc062723c751e8b465ee728b)
Start importing Assets/LeartesStudios/DarkMedieval/HDRP/Art/Prefabs/SM_B01_Wall_300x150_V42_90.prefab using Guid(abc00000000011596004550110011051) Importer(815301076,1909f56bfc062723c751e8b465ee728b)  -> (artifact id: '4d36bf02a9ac6e964fd97b8576471994') in 0.001563 seconds
Number of updated asset objects reloaded before import = 0
Number of asset objects unloaded after import = 12
========================================================================
Received Import Request.
  Time since last request: 0.010237 seconds.
  path: Assets/LeartesStudios/DarkMedieval/HDRP/Art/Prefabs/SM_B02_Wall_150x300_V02_12.prefab
  artifactKey: Guid(abc00000000008798785172591537374) Importer(815301076,1909f56bfc062723c751e8b465ee728b)
Start importing Assets/LeartesStudios/DarkMedieval/HDRP/Art/Prefabs/SM_B02_Wall_150x300_V02_12.prefab using Guid(abc00000000008798785172591537374) Importer(815301076,1909f56bfc062723c751e8b465ee728b)  -> (artifact id: '19b5402e6022a8e969a39b5d3787bbc3') in 0.001567 seconds
Number of updated asset objects reloaded before import = 0
Number of asset objects unloaded after import = 10
========================================================================
Received Import Request.
  Time since last request: 6.651498 seconds.
  path: Assets/LeartesStudios/DarkMedieval/HDRP/Art/Prefabs/SM_B02_Wall_150x300_V152.prefab
  artifactKey: Guid(abc00000000008215957222508928258) Importer(815301076,1909f56bfc062723c751e8b465ee728b)
Start importing Assets/LeartesStudios/DarkMedieval/HDRP/Art/Prefabs/SM_B02_Wall_150x300_V152.prefab using Guid(abc00000000008215957222508928258) Importer(815301076,1909f56bfc062723c751e8b465ee728b)  -> (artifact id: 'b127e3faaf08acc7efd480ed43310840') in 0.001655 seconds
Number of updated asset objects reloaded before import = 0
Number of asset objects unloaded after import = 12
========================================================================
Received Import Request.
  Time since last request: 0.000010 seconds.
  path: Assets/LeartesStudios/DarkMedieval/HDRP/Art/Prefabs/SM_B02_Wall_150x300_V158.prefab
  artifactKey: Guid(abc00000000003815660816051121992) Importer(815301076,1909f56bfc062723c751e8b465ee728b)
Start importing Assets/LeartesStudios/DarkMedieval/HDRP/Art/Prefabs/SM_B02_Wall_150x300_V158.prefab using Guid(abc00000000003815660816051121992) Importer(815301076,1909f56bfc062723c751e8b465ee728b)  -> (artifact id: '3c912f63fbce21e465392c3518af75b1') in 0.001687 seconds
Number of updated asset objects reloaded before import = 0
Number of asset objects unloaded after import = 12
========================================================================
Received Import Request.
  Time since last request: 0.246055 seconds.
  path: Assets/LeartesStudios/DarkMedieval/HDRP/Art/Prefabs/SM_B02_Wall_150x600_V9 (1).prefab
  artifactKey: Guid(6d7eb5ef386579e47bc4927dc10ffad9) Importer(815301076,1909f56bfc062723c751e8b465ee728b)
Start importing Assets/LeartesStudios/DarkMedieval/HDRP/Art/Prefabs/SM_B02_Wall_150x600_V9 (1).prefab using Guid(6d7eb5ef386579e47bc4927dc10ffad9) Importer(815301076,1909f56bfc062723c751e8b465ee728b)  -> (artifact id: 'fe07f6b94c34186ae5330f588cb5580f') in 0.001892 seconds
Number of updated asset objects reloaded before import = 0
Number of asset objects unloaded after import = 12
========================================================================
Received Import Request.
  Time since last request: 0.044500 seconds.
  path: Assets/LeartesStudios/DarkMedieval/HDRP/Art/Prefabs/SM_B02_Wall_150x600_V12.prefab
  artifactKey: Guid(abc00000000009558503110657039094) Importer(815301076,1909f56bfc062723c751e8b465ee728b)
Start importing Assets/LeartesStudios/DarkMedieval/HDRP/Art/Prefabs/SM_B02_Wall_150x600_V12.prefab using Guid(abc00000000009558503110657039094) Importer(815301076,1909f56bfc062723c751e8b465ee728b)  -> (artifact id: 'e9999005b4ef91f56f1989a99abc283f') in 0.001734 seconds
Number of updated asset objects reloaded before import = 0
Number of asset objects unloaded after import = 12
========================================================================
Received Import Request.
  Time since last request: 3.407928 seconds.
  path: Assets/LeartesStudios/DarkMedieval/HDRP/Art/Prefabs/SM_B02_Wall_150x600_V22.prefab
  artifactKey: Guid(abc00000000002965456915857179959) Importer(815301076,1909f56bfc062723c751e8b465ee728b)
Start importing Assets/LeartesStudios/DarkMedieval/HDRP/Art/Prefabs/SM_B02_Wall_150x600_V22.prefab using Guid(abc00000000002965456915857179959) Importer(815301076,1909f56bfc062723c751e8b465ee728b)  -> (artifact id: '3b9b4dae3b21b75250a1b265549d6c1c') in 0.001780 seconds
Number of updated asset objects reloaded before import = 0
Number of asset objects unloaded after import = 12
========================================================================
Received Import Request.
  Time since last request: 0.004999 seconds.
  path: Assets/LeartesStudios/DarkMedieval/HDRP/Art/Prefabs/SM_B02_Wall_150x600_V26_35.prefab
  artifactKey: Guid(abc00000000015562013895988836670) Importer(815301076,1909f56bfc062723c751e8b465ee728b)
Start importing Assets/LeartesStudios/DarkMedieval/HDRP/Art/Prefabs/SM_B02_Wall_150x600_V26_35.prefab using Guid(abc00000000015562013895988836670) Importer(815301076,1909f56bfc062723c751e8b465ee728b)  -> (artifact id: '09457438b4014998a5fdb893c4d893b2') in 0.002382 seconds
Number of updated asset objects reloaded before import = 0
Number of asset objects unloaded after import = 12
========================================================================
Received Import Request.
  Time since last request: 0.250013 seconds.
  path: Assets/LeartesStudios/DarkMedieval/HDRP/Art/Prefabs/SM_B02_Wall_300x50_V01_14.prefab
  artifactKey: Guid(abc00000000005069709877820006892) Importer(815301076,1909f56bfc062723c751e8b465ee728b)
Start importing Assets/LeartesStudios/DarkMedieval/HDRP/Art/Prefabs/SM_B02_Wall_300x50_V01_14.prefab using Guid(abc00000000005069709877820006892) Importer(815301076,1909f56bfc062723c751e8b465ee728b)  -> (artifact id: '544f5e1c8611a783f8c68ccc59e662bd') in 0.001449 seconds
Number of updated asset objects reloaded before import = 0
Number of asset objects unloaded after import = 10
========================================================================
Received Import Request.
  Time since last request: 3.956224 seconds.
  path: Assets/LeartesStudios/DarkMedieval/HDRP/Art/Prefabs/SM_B02_Wall_300x150_V2_29.prefab
  artifactKey: Guid(abc00000000000210817844463316872) Importer(815301076,1909f56bfc062723c751e8b465ee728b)
Start importing Assets/LeartesStudios/DarkMedieval/HDRP/Art/Prefabs/SM_B02_Wall_300x150_V2_29.prefab using Guid(abc00000000000210817844463316872) Importer(815301076,1909f56bfc062723c751e8b465ee728b)  -> (artifact id: '54763ce410f985ae738d6d49ca130e77') in 0.001606 seconds
Number of updated asset objects reloaded before import = 0
Number of asset objects unloaded after import = 10
========================================================================
Received Import Request.
  Time since last request: 0.005894 seconds.
  path: Assets/LeartesStudios/DarkMedieval/HDRP/Art/Prefabs/SM_B02_Wall_300x300_V01_49.prefab
  artifactKey: Guid(abc00000000008387169394153972356) Importer(815301076,1909f56bfc062723c751e8b465ee728b)
Start importing Assets/LeartesStudios/DarkMedieval/HDRP/Art/Prefabs/SM_B02_Wall_300x300_V01_49.prefab using Guid(abc00000000008387169394153972356) Importer(815301076,1909f56bfc062723c751e8b465ee728b)  -> (artifact id: 'c6aaef5559ae299452f425af142b2819') in 0.001494 seconds
Number of updated asset objects reloaded before import = 0
Number of asset objects unloaded after import = 12
========================================================================
Received Import Request.
  Time since last request: 0.000012 seconds.
  path: Assets/LeartesStudios/DarkMedieval/HDRP/Art/Prefabs/SM_B02_Wall_300x450_V01_207.prefab
  artifactKey: Guid(abc00000000013326706932298172630) Importer(815301076,1909f56bfc062723c751e8b465ee728b)
Start importing Assets/LeartesStudios/DarkMedieval/HDRP/Art/Prefabs/SM_B02_Wall_300x450_V01_207.prefab using Guid(abc00000000013326706932298172630) Importer(815301076,1909f56bfc062723c751e8b465ee728b)  -> (artifact id: 'aebfd786d38470d8c8abe4c1e36b55e4') in 0.001909 seconds
Number of updated asset objects reloaded before import = 0
Number of asset objects unloaded after import = 12
========================================================================
Received Import Request.
  Time since last request: 0.209067 seconds.
  path: Assets/LeartesStudios/DarkMedieval/HDRP/Art/Prefabs/SM_B03_Balcony_150x750_V33.prefab
  artifactKey: Guid(abc00000000014971904159678926984) Importer(815301076,1909f56bfc062723c751e8b465ee728b)
Start importing Assets/LeartesStudios/DarkMedieval/HDRP/Art/Prefabs/SM_B03_Balcony_150x750_V33.prefab using Guid(abc00000000014971904159678926984) Importer(815301076,1909f56bfc062723c751e8b465ee728b)  -> (artifact id: 'e014653af12ea9e47cd0075558eacd62') in 0.001753 seconds
Number of updated asset objects reloaded before import = 0
Number of asset objects unloaded after import = 12
========================================================================
Received Import Request.
  Time since last request: 1.957125 seconds.
  path: Assets/LeartesStudios/DarkMedieval/HDRP/Art/Prefabs/SM_B03_Balcony_150x750_V45.prefab
  artifactKey: Guid(abc00000000009588510726230638671) Importer(815301076,1909f56bfc062723c751e8b465ee728b)
Start importing Assets/LeartesStudios/DarkMedieval/HDRP/Art/Prefabs/SM_B03_Balcony_150x750_V45.prefab using Guid(abc00000000009588510726230638671) Importer(815301076,1909f56bfc062723c751e8b465ee728b)  -> (artifact id: '2467b8a8571010703ca8126efc87aee2') in 0.001727 seconds
Number of updated asset objects reloaded before import = 0
Number of asset objects unloaded after import = 12
========================================================================
Received Import Request.
  Time since last request: 0.221979 seconds.
  path: Assets/LeartesStudios/DarkMedieval/HDRP/Art/Prefabs/SM_B03_Balcony_150x750_V47.prefab
  artifactKey: Guid(abc00000000018000964941377083741) Importer(815301076,1909f56bfc062723c751e8b465ee728b)
Start importing Assets/LeartesStudios/DarkMedieval/HDRP/Art/Prefabs/SM_B03_Balcony_150x750_V47.prefab using Guid(abc00000000018000964941377083741) Importer(815301076,1909f56bfc062723c751e8b465ee728b)  -> (artifact id: '95395575e895b3373623e76a968820a8') in 0.001691 seconds
Number of updated asset objects reloaded before import = 0
Number of asset objects unloaded after import = 11
========================================================================
Received Import Request.
  Time since last request: 0.000013 seconds.
  path: Assets/LeartesStudios/DarkMedieval/HDRP/Art/Prefabs/SM_B03_Balcony_150x750_V57.prefab
  artifactKey: Guid(abc00000000012485509347866252698) Importer(815301076,1909f56bfc062723c751e8b465ee728b)
Start importing Assets/LeartesStudios/DarkMedieval/HDRP/Art/Prefabs/SM_B03_Balcony_150x750_V57.prefab using Guid(abc00000000012485509347866252698) Importer(815301076,1909f56bfc062723c751e8b465ee728b)  -> (artifact id: '36f17f5bf3e5aace8bd19175fdc4dc1d') in 0.001507 seconds
Number of updated asset objects reloaded before import = 0
Number of asset objects unloaded after import = 11
========================================================================
Received Import Request.
  Time since last request: 0.425151 seconds.
  path: Assets/LeartesStudios/DarkMedieval/HDRP/Art/Prefabs/SM_B03_Balcony_End_195.prefab
  artifactKey: Guid(abc00000000005143580802717093810) Importer(815301076,1909f56bfc062723c751e8b465ee728b)
Start importing Assets/LeartesStudios/DarkMedieval/HDRP/Art/Prefabs/SM_B03_Balcony_End_195.prefab using Guid(abc00000000005143580802717093810) Importer(815301076,1909f56bfc062723c751e8b465ee728b)  -> (artifact id: '0c8e591f5eac41508691eeb86d0ed859') in 0.001587 seconds
Number of updated asset objects reloaded before import = 0
Number of asset objects unloaded after import = 11
========================================================================
Received Import Request.
  Time since last request: 3.838690 seconds.
  path: Assets/LeartesStudios/DarkMedieval/HDRP/Art/Prefabs/SM_B03_Wood_325.prefab
  artifactKey: Guid(abc00000000017899028449121966664) Importer(815301076,1909f56bfc062723c751e8b465ee728b)
Start importing Assets/LeartesStudios/DarkMedieval/HDRP/Art/Prefabs/SM_B03_Wood_325.prefab using Guid(abc00000000017899028449121966664) Importer(815301076,1909f56bfc062723c751e8b465ee728b)  -> (artifact id: '6a3c2e2c3284b9af265fb3ddf1513282') in 0.001584 seconds
Number of updated asset objects reloaded before import = 0
Number of asset objects unloaded after import = 12
========================================================================
Received Import Request.
  Time since last request: 0.010317 seconds.
  path: Assets/LeartesStudios/DarkMedieval/HDRP/Art/Prefabs/SM_Barrel01_43.prefab
  artifactKey: Guid(abc00000000008275369933078487749) Importer(815301076,1909f56bfc062723c751e8b465ee728b)
Start importing Assets/LeartesStudios/DarkMedieval/HDRP/Art/Prefabs/SM_Barrel01_43.prefab using Guid(abc00000000008275369933078487749) Importer(815301076,1909f56bfc062723c751e8b465ee728b)  -> (artifact id: '9eca95539383111a4917281b4d599ffe') in 0.001790 seconds
Number of updated asset objects reloaded before import = 0
Number of asset objects unloaded after import = 10
========================================================================
Received Import Request.
  Time since last request: 3.710957 seconds.
  path: Assets/LeartesStudios/DarkMedieval/HDRP/Art/Prefabs/SM_Basket_B_80.prefab
  artifactKey: Guid(abc00000000018057765942012817394) Importer(815301076,1909f56bfc062723c751e8b465ee728b)
Start importing Assets/LeartesStudios/DarkMedieval/HDRP/Art/Prefabs/SM_Basket_B_80.prefab using Guid(abc00000000018057765942012817394) Importer(815301076,1909f56bfc062723c751e8b465ee728b)  -> (artifact id: 'd02ee50ed236ea218b873c9d0fdef6d6') in 0.002047 seconds
Number of updated asset objects reloaded before import = 0
Number of asset objects unloaded after import = 22
========================================================================
Received Import Request.
  Time since last request: 0.004462 seconds.
  path: Assets/LeartesStudios/DarkMedieval/HDRP/Art/Prefabs/SM_BENCH_49.prefab
  artifactKey: Guid(abc00000000000835108527897104890) Importer(815301076,1909f56bfc062723c751e8b465ee728b)
Start importing Assets/LeartesStudios/DarkMedieval/HDRP/Art/Prefabs/SM_BENCH_49.prefab using Guid(abc00000000000835108527897104890) Importer(815301076,1909f56bfc062723c751e8b465ee728b)  -> (artifact id: 'd1b7fc65a7d636d9686ac9419f8a7961') in 0.001736 seconds
Number of updated asset objects reloaded before import = 0
Number of asset objects unloaded after import = 27
========================================================================
Received Import Request.
  Time since last request: 0.000013 seconds.
  path: Assets/LeartesStudios/DarkMedieval/HDRP/Art/Prefabs/SM_Book_02_31.prefab
  artifactKey: Guid(abc00000000003891197652507401193) Importer(815301076,1909f56bfc062723c751e8b465ee728b)
Start importing Assets/LeartesStudios/DarkMedieval/HDRP/Art/Prefabs/SM_Book_02_31.prefab using Guid(abc00000000003891197652507401193) Importer(815301076,1909f56bfc062723c751e8b465ee728b)  -> (artifact id: 'f9a7de6dc2e27e766f993d588d77eba9') in 0.002759 seconds
Number of updated asset objects reloaded before import = 0
Number of asset objects unloaded after import = 27
========================================================================
Received Import Request.
  Time since last request: 7.526855 seconds.
  path: Assets/LeartesStudios/DarkMedieval/HDRP/Art/Prefabs/SM_Book_05_169.prefab
  artifactKey: Guid(abc00000000015596089349340844454) Importer(815301076,1909f56bfc062723c751e8b465ee728b)
Start importing Assets/LeartesStudios/DarkMedieval/HDRP/Art/Prefabs/SM_Book_05_169.prefab using Guid(abc00000000015596089349340844454) Importer(815301076,1909f56bfc062723c751e8b465ee728b)  -> (artifact id: 'f157da6b3a9015186cacb096d235a8b7') in 0.001821 seconds
Number of updated asset objects reloaded before import = 0
Number of asset objects unloaded after import = 27
========================================================================
Received Import Request.
  Time since last request: 0.030581 seconds.
  path: Assets/LeartesStudios/DarkMedieval/HDRP/Art/Prefabs/SM_Books_01_89.prefab
  artifactKey: Guid(abc00000000012210739273153282392) Importer(815301076,1909f56bfc062723c751e8b465ee728b)
Start importing Assets/LeartesStudios/DarkMedieval/HDRP/Art/Prefabs/SM_Books_01_89.prefab using Guid(abc00000000012210739273153282392) Importer(815301076,1909f56bfc062723c751e8b465ee728b)  -> (artifact id: '69009ec5651df8c0657a0eb4f61e7dd6') in 0.002237 seconds
Number of updated asset objects reloaded before import = 0
Number of asset objects unloaded after import = 27
========================================================================
Received Import Request.
  Time since last request: 11.806441 seconds.
  path: Assets/LeartesStudios/DarkMedieval/HDRP/Art/Prefabs/SM_Books_03_112.prefab
  artifactKey: Guid(abc00000000013659882849207202629) Importer(815301076,1909f56bfc062723c751e8b465ee728b)
Start importing Assets/LeartesStudios/DarkMedieval/HDRP/Art/Prefabs/SM_Books_03_112.prefab using Guid(abc00000000013659882849207202629) Importer(815301076,1909f56bfc062723c751e8b465ee728b)  -> (artifact id: '0506e2d82bae80e1a949a54c0940e80a') in 0.001959 seconds
Number of updated asset objects reloaded before import = 0
Number of asset objects unloaded after import = 27
========================================================================
Received Import Request.
  Time since last request: 1.691294 seconds.
  path: Assets/LeartesStudios/DarkMedieval/HDRP/Art/Prefabs/SM_Books_05_95.prefab
  artifactKey: Guid(abc00000000004035134495907290695) Importer(815301076,1909f56bfc062723c751e8b465ee728b)
Start importing Assets/LeartesStudios/DarkMedieval/HDRP/Art/Prefabs/SM_Books_05_95.prefab using Guid(abc00000000004035134495907290695) Importer(815301076,1909f56bfc062723c751e8b465ee728b)  -> (artifact id: '59f2fef45826e17967211bb9fb58aca1') in 0.002514 seconds
Number of updated asset objects reloaded before import = 0
Number of asset objects unloaded after import = 27
========================================================================
Received Import Request.
  Time since last request: 0.010869 seconds.
  path: Assets/LeartesStudios/DarkMedieval/HDRP/Art/Prefabs/SM_Books_08_159.prefab
  artifactKey: Guid(abc00000000004069935479238479533) Importer(815301076,1909f56bfc062723c751e8b465ee728b)
Start importing Assets/LeartesStudios/DarkMedieval/HDRP/Art/Prefabs/SM_Books_08_159.prefab using Guid(abc00000000004069935479238479533) Importer(815301076,1909f56bfc062723c751e8b465ee728b)  -> (artifact id: 'db31916e4e504f901d79d3562c187c35') in 0.002298 seconds
Number of updated asset objects reloaded before import = 0
Number of asset objects unloaded after import = 27
========================================================================
Received Import Request.
  Time since last request: 3.733267 seconds.
  path: Assets/LeartesStudios/DarkMedieval/HDRP/Art/Prefabs/SM_BranchWoodLogs_AC2_659.prefab
  artifactKey: Guid(abc00000000004470249376555636598) Importer(815301076,1909f56bfc062723c751e8b465ee728b)
Start importing Assets/LeartesStudios/DarkMedieval/HDRP/Art/Prefabs/SM_BranchWoodLogs_AC2_659.prefab using Guid(abc00000000004470249376555636598) Importer(815301076,1909f56bfc062723c751e8b465ee728b)  -> (artifact id: '0ffa22ebfd58ed41984e97f96118a775') in 0.001672 seconds
Number of updated asset objects reloaded before import = 0
Number of asset objects unloaded after import = 20
========================================================================
Received Import Request.
  Time since last request: 2.380846 seconds.
  path: Assets/LeartesStudios/DarkMedieval/HDRP/Art/Prefabs/SM_Bucket_01_131.prefab
  artifactKey: Guid(abc00000000011270500050962721758) Importer(815301076,1909f56bfc062723c751e8b465ee728b)
Start importing Assets/LeartesStudios/DarkMedieval/HDRP/Art/Prefabs/SM_Bucket_01_131.prefab using Guid(abc00000000011270500050962721758) Importer(815301076,1909f56bfc062723c751e8b465ee728b)  -> (artifact id: '8ccab8371d661179469c802eb16d13f4') in 0.001381 seconds
Number of updated asset objects reloaded before import = 0
Number of asset objects unloaded after import = 12
========================================================================
Received Import Request.
  Time since last request: 0.023892 seconds.
  path: Assets/LeartesStudios/DarkMedieval/HDRP/Art/Prefabs/SM_Cabinet_121.prefab
  artifactKey: Guid(abc00000000012989670258138679481) Importer(815301076,1909f56bfc062723c751e8b465ee728b)
Start importing Assets/LeartesStudios/DarkMedieval/HDRP/Art/Prefabs/SM_Cabinet_121.prefab using Guid(abc00000000012989670258138679481) Importer(815301076,1909f56bfc062723c751e8b465ee728b)  -> (artifact id: '3f17c603f4ba584f249b5222a6895a99') in 0.002138 seconds
Number of updated asset objects reloaded before import = 0
Number of asset objects unloaded after import = 27
========================================================================
Received Import Request.
  Time since last request: 5.016088 seconds.
  path: Assets/LeartesStudios/DarkMedieval/HDRP/Art/Prefabs/SM_Candles_10.prefab
  artifactKey: Guid(abc00000000008673378824703393976) Importer(815301076,1909f56bfc062723c751e8b465ee728b)
Start importing Assets/LeartesStudios/DarkMedieval/HDRP/Art/Prefabs/SM_Candles_10.prefab using Guid(abc00000000008673378824703393976) Importer(815301076,1909f56bfc062723c751e8b465ee728b)  -> (artifact id: '46792267bdbdd2f8c6a01624413aec79') in 0.001935 seconds
Number of updated asset objects reloaded before import = 0
Number of asset objects unloaded after import = 17
========================================================================
Received Import Request.
  Time since last request: 4.036594 seconds.
  path: Assets/LeartesStudios/DarkMedieval/HDRP/Art/Prefabs/SM_Cart02_2.prefab
  artifactKey: Guid(abc00000000012711975757351806745) Importer(815301076,1909f56bfc062723c751e8b465ee728b)
Start importing Assets/LeartesStudios/DarkMedieval/HDRP/Art/Prefabs/SM_Cart02_2.prefab using Guid(abc00000000012711975757351806745) Importer(815301076,1909f56bfc062723c751e8b465ee728b)  -> (artifact id: '1996a37773f9a477d6e67a477549f469') in 0.002903 seconds
Number of updated asset objects reloaded before import = 0
Number of asset objects unloaded after import = 12
========================================================================
Received Import Request.
  Time since last request: 0.042334 seconds.
  path: Assets/LeartesStudios/DarkMedieval/HDRP/Art/Prefabs/SM_Chair7.prefab
  artifactKey: Guid(abc00000000016745555594656747764) Importer(815301076,1909f56bfc062723c751e8b465ee728b)
Start importing Assets/LeartesStudios/DarkMedieval/HDRP/Art/Prefabs/SM_Chair7.prefab using Guid(abc00000000016745555594656747764) Importer(815301076,1909f56bfc062723c751e8b465ee728b)  -> (artifact id: '0a618b97d99e957fe6ca8ed099c5a867') in 0.001585 seconds
Number of updated asset objects reloaded before import = 0
Number of asset objects unloaded after import = 28
========================================================================
Received Import Request.
  Time since last request: 4.772297 seconds.
  path: Assets/LeartesStudios/DarkMedieval/HDRP/Art/Prefabs/SM_Chest_01_162.prefab
  artifactKey: Guid(abc00000000014889008012346638589) Importer(815301076,1909f56bfc062723c751e8b465ee728b)
Start importing Assets/LeartesStudios/DarkMedieval/HDRP/Art/Prefabs/SM_Chest_01_162.prefab using Guid(abc00000000014889008012346638589) Importer(815301076,1909f56bfc062723c751e8b465ee728b)  -> (artifact id: '9c28fc3a1ebd3c5a5f45ccc88d590ca1') in 0.002541 seconds
Number of updated asset objects reloaded before import = 0
Number of asset objects unloaded after import = 25
========================================================================
Received Import Request.
  Time since last request: 0.066815 seconds.
  path: Assets/LeartesStudios/DarkMedieval/HDRP/Art/Prefabs/SM_CoinPurse01_60.prefab
  artifactKey: Guid(abc00000000006531619872634007344) Importer(815301076,1909f56bfc062723c751e8b465ee728b)
Start importing Assets/LeartesStudios/DarkMedieval/HDRP/Art/Prefabs/SM_CoinPurse01_60.prefab using Guid(abc00000000006531619872634007344) Importer(815301076,1909f56bfc062723c751e8b465ee728b)  -> (artifact id: '820e44b53d9bc6444cb8c8bc17aff9e7') in 0.001717 seconds
Number of updated asset objects reloaded before import = 0
Number of asset objects unloaded after import = 25
========================================================================
Received Import Request.
  Time since last request: 6.848473 seconds.
  path: Assets/LeartesStudios/DarkMedieval/HDRP/Art/Prefabs/SM_Crate_02_116.prefab
  artifactKey: Guid(abc00000000011571242090920113869) Importer(815301076,1909f56bfc062723c751e8b465ee728b)
Start importing Assets/LeartesStudios/DarkMedieval/HDRP/Art/Prefabs/SM_Crate_02_116.prefab using Guid(abc00000000011571242090920113869) Importer(815301076,1909f56bfc062723c751e8b465ee728b)  -> (artifact id: 'aefc4eefeb2d231097760aa69c1521c6') in 0.001645 seconds
Number of updated asset objects reloaded before import = 0
Number of asset objects unloaded after import = 27
========================================================================
Received Import Request.
  Time since last request: 7.818313 seconds.
  path: Assets/LeartesStudios/DarkMedieval/HDRP/Art/Prefabs/SM_DarkMedieval_SET_01_SM_LOGS_3.prefab
  artifactKey: Guid(abc00000000004915794306895715409) Importer(815301076,1909f56bfc062723c751e8b465ee728b)
Start importing Assets/LeartesStudios/DarkMedieval/HDRP/Art/Prefabs/SM_DarkMedieval_SET_01_SM_LOGS_3.prefab using Guid(abc00000000004915794306895715409) Importer(815301076,1909f56bfc062723c751e8b465ee728b)  -> (artifact id: '30b16579dae3ba6152fba19e863acb53') in 0.001667 seconds
Number of updated asset objects reloaded before import = 0
Number of asset objects unloaded after import = 25
========================================================================
Received Import Request.
  Time since last request: 3.552936 seconds.
  path: Assets/LeartesStudios/DarkMedieval/HDRP/Art/Prefabs/SM_DM_Assets_Merged2_22.prefab
  artifactKey: Guid(abc00000000005883286970950517421) Importer(815301076,1909f56bfc062723c751e8b465ee728b)
Start importing Assets/LeartesStudios/DarkMedieval/HDRP/Art/Prefabs/SM_DM_Assets_Merged2_22.prefab using Guid(abc00000000005883286970950517421) Importer(815301076,1909f56bfc062723c751e8b465ee728b)  -> (artifact id: '84eee9d6fadbc32baec8839b1babfd32') in 0.003184 seconds
Number of updated asset objects reloaded before import = 0
Number of asset objects unloaded after import = 20
========================================================================
Received Import Request.
  Time since last request: 0.047641 seconds.
  path: Assets/LeartesStudios/DarkMedieval/HDRP/Art/Prefabs/SM_DM_Assets_Merged4_209.prefab
  artifactKey: Guid(abc00000000005298966706628332150) Importer(815301076,1909f56bfc062723c751e8b465ee728b)
Start importing Assets/LeartesStudios/DarkMedieval/HDRP/Art/Prefabs/SM_DM_Assets_Merged4_209.prefab using Guid(abc00000000005298966706628332150) Importer(815301076,1909f56bfc062723c751e8b465ee728b)  -> (artifact id: '19d9c497c7564d7c5e445ceeaea1ee88') in 0.003141 seconds
Number of updated asset objects reloaded before import = 0
Number of asset objects unloaded after import = 22
========================================================================
Received Import Request.
  Time since last request: 4.253973 seconds.
  path: Assets/LeartesStudios/DarkMedieval/HDRP/Art/Prefabs/SM_DM_Assets_Merged7_190.prefab
  artifactKey: Guid(abc00000000012737187242006550992) Importer(815301076,1909f56bfc062723c751e8b465ee728b)
Start importing Assets/LeartesStudios/DarkMedieval/HDRP/Art/Prefabs/SM_DM_Assets_Merged7_190.prefab using Guid(abc00000000012737187242006550992) Importer(815301076,1909f56bfc062723c751e8b465ee728b)  -> (artifact id: '4a832034186f0ac201a2fd4bdb44bd83') in 0.011138 seconds
Number of updated asset objects reloaded before import = 0
Number of asset objects unloaded after import = 22
========================================================================
Received Import Request.
  Time since last request: 7.076442 seconds.
  path: Assets/LeartesStudios/DarkMedieval/HDRP/Art/Prefabs/SM_DM_Assets_Merged17_170.prefab
  artifactKey: Guid(abc00000000013191761975038803977) Importer(815301076,1909f56bfc062723c751e8b465ee728b)
Start importing Assets/LeartesStudios/DarkMedieval/HDRP/Art/Prefabs/SM_DM_Assets_Merged17_170.prefab using Guid(abc00000000013191761975038803977) Importer(815301076,1909f56bfc062723c751e8b465ee728b)  -> (artifact id: 'bb300b4d4e4deecb4dc4dc2eb29a4e20') in 0.001607 seconds
Number of updated asset objects reloaded before import = 0
Number of asset objects unloaded after import = 27
========================================================================
Received Import Request.
  Time since last request: 0.291174 seconds.
  path: Assets/LeartesStudios/DarkMedieval/HDRP/Art/Prefabs/SM_DM_Assets_Merged20_57.prefab
  artifactKey: Guid(abc00000000016597849038023475085) Importer(815301076,1909f56bfc062723c751e8b465ee728b)
Start importing Assets/LeartesStudios/DarkMedieval/HDRP/Art/Prefabs/SM_DM_Assets_Merged20_57.prefab using Guid(abc00000000016597849038023475085) Importer(815301076,1909f56bfc062723c751e8b465ee728b)  -> (artifact id: 'b0b0adf9926dde5763b2a496b188ef55') in 0.002075 seconds
Number of updated asset objects reloaded before import = 0
Number of asset objects unloaded after import = 27
========================================================================
Received Import Request.
  Time since last request: 5.633606 seconds.
  path: Assets/LeartesStudios/DarkMedieval/HDRP/Art/Prefabs/SM_DM_Assets_Merged28.prefab
  artifactKey: Guid(9155fd908db2366469d417eddf683f77) Importer(815301076,1909f56bfc062723c751e8b465ee728b)
Start importing Assets/LeartesStudios/DarkMedieval/HDRP/Art/Prefabs/SM_DM_Assets_Merged28.prefab using Guid(9155fd908db2366469d417eddf683f77) Importer(815301076,1909f56bfc062723c751e8b465ee728b)  -> (artifact id: '5d734b9531e41c3c2aedfa781ec25eea') in 0.003025 seconds
Number of updated asset objects reloaded before import = 0
Number of asset objects unloaded after import = 21
========================================================================
Received Import Request.
  Time since last request: 4.462433 seconds.
  path: Assets/LeartesStudios/DarkMedieval/HDRP/Art/Prefabs/SM_DM_Assets_Merged29_221.prefab
  artifactKey: Guid(abc00000000010433838775609449311) Importer(815301076,1909f56bfc062723c751e8b465ee728b)
Start importing Assets/LeartesStudios/DarkMedieval/HDRP/Art/Prefabs/SM_DM_Assets_Merged29_221.prefab using Guid(abc00000000010433838775609449311) Importer(815301076,1909f56bfc062723c751e8b465ee728b)  -> (artifact id: '604fd0eb53ccb555021cb38e40d72701') in 0.006972 seconds
Number of updated asset objects reloaded before import = 0
Number of asset objects unloaded after import = 22
========================================================================
Received Import Request.
  Time since last request: 5.903827 seconds.
  path: Assets/LeartesStudios/DarkMedieval/HDRP/Art/Prefabs/SM_DM_Assets_Merged47_136.prefab
  artifactKey: Guid(abc00000000002430796059465042484) Importer(815301076,1909f56bfc062723c751e8b465ee728b)
Start importing Assets/LeartesStudios/DarkMedieval/HDRP/Art/Prefabs/SM_DM_Assets_Merged47_136.prefab using Guid(abc00000000002430796059465042484) Importer(815301076,1909f56bfc062723c751e8b465ee728b)  -> (artifact id: '9fad4bdb362b97319d75d34ad1b0095e') in 0.002694 seconds
Number of updated asset objects reloaded before import = 0
Number of asset objects unloaded after import = 27
========================================================================
Received Import Request.
  Time since last request: 0.000013 seconds.
  path: Assets/LeartesStudios/DarkMedieval/HDRP/Art/Prefabs/SM_DM_Assets_Merged50_230.prefab
  artifactKey: Guid(abc00000000003911350618314219601) Importer(815301076,1909f56bfc062723c751e8b465ee728b)
Start importing Assets/LeartesStudios/DarkMedieval/HDRP/Art/Prefabs/SM_DM_Assets_Merged50_230.prefab using Guid(abc00000000003911350618314219601) Importer(815301076,1909f56bfc062723c751e8b465ee728b)  -> (artifact id: 'd183d48c0f1391050a840fa00c1da264') in 0.002251 seconds
Number of updated asset objects reloaded before import = 0
Number of asset objects unloaded after import = 22
========================================================================
Received Import Request.
  Time since last request: 4.933006 seconds.
  path: Assets/LeartesStudios/DarkMedieval/HDRP/Art/Prefabs/SM_DM_Assets_Merged66_20.prefab
  artifactKey: Guid(abc00000000003455242600769360733) Importer(815301076,1909f56bfc062723c751e8b465ee728b)
Start importing Assets/LeartesStudios/DarkMedieval/HDRP/Art/Prefabs/SM_DM_Assets_Merged66_20.prefab using Guid(abc00000000003455242600769360733) Importer(815301076,1909f56bfc062723c751e8b465ee728b)  -> (artifact id: 'dad0121c96e623283609d804c6ccecbe') in 0.002480 seconds
Number of updated asset objects reloaded before import = 0
Number of asset objects unloaded after import = 27
========================================================================
Received Import Request.
  Time since last request: 0.048357 seconds.
  path: Assets/LeartesStudios/DarkMedieval/HDRP/Art/Prefabs/SM_DM_Assets_Merged69_42.prefab
  artifactKey: Guid(abc00000000007372082932722545820) Importer(815301076,1909f56bfc062723c751e8b465ee728b)
Start importing Assets/LeartesStudios/DarkMedieval/HDRP/Art/Prefabs/SM_DM_Assets_Merged69_42.prefab using Guid(abc00000000007372082932722545820) Importer(815301076,1909f56bfc062723c751e8b465ee728b)  -> (artifact id: '076fc7fff4f1c5fa658b632f402e9d4d') in 0.001977 seconds
Number of updated asset objects reloaded before import = 0
Number of asset objects unloaded after import = 27
========================================================================
Received Import Request.
  Time since last request: 8.492110 seconds.
  path: Assets/LeartesStudios/DarkMedieval/HDRP/Art/Prefabs/SM_DM_Assets_Merged81_34.prefab
  artifactKey: Guid(abc00000000013136914676388911565) Importer(815301076,1909f56bfc062723c751e8b465ee728b)
Start importing Assets/LeartesStudios/DarkMedieval/HDRP/Art/Prefabs/SM_DM_Assets_Merged81_34.prefab using Guid(abc00000000013136914676388911565) Importer(815301076,1909f56bfc062723c751e8b465ee728b)  -> (artifact id: '5769c9222c61e529155302ef1e6bd317') in 0.002948 seconds
Number of updated asset objects reloaded before import = 0
Number of asset objects unloaded after import = 22
========================================================================
Received Import Request.
  Time since last request: 0.087901 seconds.
  path: Assets/LeartesStudios/DarkMedieval/HDRP/Art/Prefabs/SM_DM_Assets_Merged84_19.prefab
  artifactKey: Guid(abc00000000012694369937068248045) Importer(815301076,1909f56bfc062723c751e8b465ee728b)
Start importing Assets/LeartesStudios/DarkMedieval/HDRP/Art/Prefabs/SM_DM_Assets_Merged84_19.prefab using Guid(abc00000000012694369937068248045) Importer(815301076,1909f56bfc062723c751e8b465ee728b)  -> (artifact id: '5b7888175428e6c030683a9240174f71') in 0.003313 seconds
Number of updated asset objects reloaded before import = 0
Number of asset objects unloaded after import = 27
========================================================================
Received Import Request.
  Time since last request: 7.456495 seconds.
  path: Assets/LeartesStudios/DarkMedieval/HDRP/Art/Prefabs/SM_DM_Assets_Merged90_31.prefab
  artifactKey: Guid(abc00000000001386730153953253790) Importer(815301076,1909f56bfc062723c751e8b465ee728b)
Start importing Assets/LeartesStudios/DarkMedieval/HDRP/Art/Prefabs/SM_DM_Assets_Merged90_31.prefab using Guid(abc00000000001386730153953253790) Importer(815301076,1909f56bfc062723c751e8b465ee728b)  -> (artifact id: 'db4c0a8a3d6ee527dc4753f57f8226e7') in 0.002432 seconds
Number of updated asset objects reloaded before import = 0
Number of asset objects unloaded after import = 27
========================================================================
Received Import Request.
  Time since last request: 0.042478 seconds.
  path: Assets/LeartesStudios/DarkMedieval/HDRP/Art/Prefabs/SM_DM_Assets_Merged93_40.prefab
  artifactKey: Guid(abc00000000014992421432299269847) Importer(815301076,1909f56bfc062723c751e8b465ee728b)
Start importing Assets/LeartesStudios/DarkMedieval/HDRP/Art/Prefabs/SM_DM_Assets_Merged93_40.prefab using Guid(abc00000000014992421432299269847) Importer(815301076,1909f56bfc062723c751e8b465ee728b)  -> (artifact id: 'b7c880fa4544e48383d144f12f7f79c2') in 0.002794 seconds
Number of updated asset objects reloaded before import = 0
Number of asset objects unloaded after import = 27
========================================================================
Received Import Request.
  Time since last request: 4.029427 seconds.
  path: Assets/LeartesStudios/DarkMedieval/HDRP/Art/Prefabs/SM_DM_Assets_Merged100_64.prefab
  artifactKey: Guid(abc00000000010425705641783400278) Importer(815301076,1909f56bfc062723c751e8b465ee728b)
Start importing Assets/LeartesStudios/DarkMedieval/HDRP/Art/Prefabs/SM_DM_Assets_Merged100_64.prefab using Guid(abc00000000010425705641783400278) Importer(815301076,1909f56bfc062723c751e8b465ee728b)  -> (artifact id: '86b83a2ff752cea9ae190de4f64fb94b') in 0.001881 seconds
Number of updated asset objects reloaded before import = 0
Number of asset objects unloaded after import = 27
========================================================================
Received Import Request.
  Time since last request: 7.582474 seconds.
  path: Assets/LeartesStudios/DarkMedieval/HDRP/Art/Prefabs/SM_DM_Assets_Merged107_91.prefab
  artifactKey: Guid(abc00000000014945865326160865871) Importer(815301076,1909f56bfc062723c751e8b465ee728b)
Start importing Assets/LeartesStudios/DarkMedieval/HDRP/Art/Prefabs/SM_DM_Assets_Merged107_91.prefab using Guid(abc00000000014945865326160865871) Importer(815301076,1909f56bfc062723c751e8b465ee728b)  -> (artifact id: '05ded9615b4f95acf915e98d23a52974') in 0.002607 seconds
Number of updated asset objects reloaded before import = 0
Number of asset objects unloaded after import = 27
========================================================================
Received Import Request.
  Time since last request: 3.142695 seconds.
  path: Assets/LeartesStudios/DarkMedieval/HDRP/Art/Prefabs/SM_DM_Assets_Merged110_76.prefab
  artifactKey: Guid(abc00000000001070943375550273210) Importer(815301076,1909f56bfc062723c751e8b465ee728b)
Start importing Assets/LeartesStudios/DarkMedieval/HDRP/Art/Prefabs/SM_DM_Assets_Merged110_76.prefab using Guid(abc00000000001070943375550273210) Importer(815301076,1909f56bfc062723c751e8b465ee728b)  -> (artifact id: '8824c6bd4489a58ec6493428ccd81d36') in 0.007012 seconds
Number of updated asset objects reloaded before import = 0
Number of asset objects unloaded after import = 27
========================================================================
Received Import Request.
  Time since last request: 3.811176 seconds.
  path: Assets/LeartesStudios/DarkMedieval/HDRP/Art/Prefabs/SM_DM_Assets_Merged112_36.prefab
  artifactKey: Guid(abc00000000016255296580891205900) Importer(815301076,1909f56bfc062723c751e8b465ee728b)
Start importing Assets/LeartesStudios/DarkMedieval/HDRP/Art/Prefabs/SM_DM_Assets_Merged112_36.prefab using Guid(abc00000000016255296580891205900) Importer(815301076,1909f56bfc062723c751e8b465ee728b)  -> (artifact id: '047924517f5720ea4d0016b0ebdbaa47') in 0.003687 seconds
Number of updated asset objects reloaded before import = 0
Number of asset objects unloaded after import = 27
========================================================================
Received Import Request.
  Time since last request: 5.596717 seconds.
  path: Assets/LeartesStudios/DarkMedieval/HDRP/Art/Prefabs/SM_DM_Assets_Merged121_43.prefab
  artifactKey: Guid(abc00000000015443132545034536282) Importer(815301076,1909f56bfc062723c751e8b465ee728b)
Start importing Assets/LeartesStudios/DarkMedieval/HDRP/Art/Prefabs/SM_DM_Assets_Merged121_43.prefab using Guid(abc00000000015443132545034536282) Importer(815301076,1909f56bfc062723c751e8b465ee728b)  -> (artifact id: 'f66a53acce6e27d6f14958084027876c') in 0.002849 seconds
Number of updated asset objects reloaded before import = 0
Number of asset objects unloaded after import = 27
========================================================================
Received Import Request.
  Time since last request: 0.023558 seconds.
  path: Assets/LeartesStudios/DarkMedieval/HDRP/Art/Prefabs/SM_DM_Assets_Merged126_34.prefab
  artifactKey: Guid(abc00000000010955932830370827721) Importer(815301076,1909f56bfc062723c751e8b465ee728b)
Start importing Assets/LeartesStudios/DarkMedieval/HDRP/Art/Prefabs/SM_DM_Assets_Merged126_34.prefab using Guid(abc00000000010955932830370827721) Importer(815301076,1909f56bfc062723c751e8b465ee728b)  -> (artifact id: 'efa04b7eb0d83e399b2d21973b162eea') in 0.002534 seconds
Number of updated asset objects reloaded before import = 0
Number of asset objects unloaded after import = 27
